2025-07-10 21:50:40 - INFO - Experiment dir: ./logs/feature_extraction_experiment_20250710_215040
2025-07-10 21:51:51 - INFO - Epoch 001 | loss_total:4.1655, loss_info:4.7256, loss_ncl:0.0453, loss_adv:-0.5335, loss_diff:-0.0719, d_loss:0.6390, mu_distance:0.5232, lr:0.0001
2025-07-10 21:52:52 - INFO - Epoch 002 | loss_total:2.0666, loss_info:2.8189, loss_ncl:0.0430, loss_adv:-0.6295, loss_diff:-0.1658, d_loss:0.5360, mu_distance:0.9256, lr:0.0001
2025-07-10 21:53:54 - INFO - Epoch 003 | loss_total:-0.2773, loss_info:0.5999, loss_ncl:0.0392, loss_adv:-0.7068, loss_diff:-0.2096, d_loss:0.4573, mu_distance:1.1307, lr:0.0001
2025-07-10 21:55:03 - INFO - Epoch 004 | loss_total:0.4079, loss_info:1.2830, loss_ncl:0.0386, loss_adv:-0.7020, loss_diff:-0.2117, d_loss:0.4641, mu_distance:1.1645, lr:0.0001
2025-07-10 21:56:04 - INFO - Epoch 005 | loss_total:-0.6217, loss_info:0.2911, loss_ncl:0.0372, loss_adv:-0.7263, loss_diff:-0.2236, d_loss:0.4394, mu_distance:1.2639, lr:0.0001
2025-07-10 21:57:05 - INFO - Epoch 006 | loss_total:-0.8180, loss_info:0.1100, loss_ncl:0.0355, loss_adv:-0.7443, loss_diff:-0.2193, d_loss:0.4248, mu_distance:1.3146, lr:0.0001
2025-07-10 21:58:06 - INFO - Epoch 007 | loss_total:-0.9199, loss_info:0.0180, loss_ncl:0.0342, loss_adv:-0.7580, loss_diff:-0.2141, d_loss:0.4137, mu_distance:1.3489, lr:0.0001
2025-07-10 21:59:07 - INFO - Epoch 008 | loss_total:-0.9259, loss_info:0.0137, loss_ncl:0.0335, loss_adv:-0.7639, loss_diff:-0.2091, d_loss:0.4093, mu_distance:1.3714, lr:0.0001
2025-07-10 22:00:08 - INFO - Epoch 009 | loss_total:-0.9279, loss_info:0.0126, loss_ncl:0.0331, loss_adv:-0.7672, loss_diff:-0.2064, d_loss:0.4069, mu_distance:1.3828, lr:0.0001
2025-07-10 22:01:09 - INFO - Epoch 010 | loss_total:-0.9266, loss_info:0.0138, loss_ncl:0.0328, loss_adv:-0.7694, loss_diff:-0.2039, d_loss:0.4053, mu_distance:1.3894, lr:0.0001
2025-07-10 22:02:16 - INFO - Epoch 011 | loss_total:-0.9295, loss_info:0.0116, loss_ncl:0.0325, loss_adv:-0.7705, loss_diff:-0.2032, d_loss:0.4045, mu_distance:1.3950, lr:0.0001
2025-07-10 22:03:18 - INFO - Epoch 012 | loss_total:-0.9309, loss_info:0.0115, loss_ncl:0.0321, loss_adv:-0.7716, loss_diff:-0.2029, d_loss:0.4037, mu_distance:1.3983, lr:0.0001
2025-07-10 22:04:19 - INFO - Epoch 013 | loss_total:1.5787, loss_info:2.3470, loss_ncl:0.0360, loss_adv:-0.6585, loss_diff:-0.1458, d_loss:0.5187, mu_distance:0.0666, lr:0.0001
2025-07-10 22:05:20 - INFO - Epoch 014 | loss_total:4.9277, loss_info:5.4204, loss_ncl:0.0398, loss_adv:-0.4977, loss_diff:-0.0348, d_loss:0.6799, mu_distance:0.0482, lr:0.0001
2025-07-10 22:06:21 - INFO - Epoch 015 | loss_total:4.6399, loss_info:5.1953, loss_ncl:0.0375, loss_adv:-0.5201, loss_diff:-0.0727, d_loss:0.6556, mu_distance:0.2099, lr:0.0001
2025-07-10 22:07:21 - INFO - Epoch 016 | loss_total:3.6747, loss_info:4.3268, loss_ncl:0.0400, loss_adv:-0.5893, loss_diff:-0.1029, d_loss:0.5833, mu_distance:0.1273, lr:0.0001
2025-07-10 22:08:22 - INFO - Epoch 017 | loss_total:4.5981, loss_info:5.1510, loss_ncl:0.0443, loss_adv:-0.5296, loss_diff:-0.0677, d_loss:0.6455, mu_distance:0.1492, lr:0.0001
2025-07-10 22:09:23 - INFO - Epoch 018 | loss_total:4.2087, loss_info:4.7998, loss_ncl:0.0414, loss_adv:-0.5607, loss_diff:-0.0718, d_loss:0.6130, mu_distance:0.5759, lr:0.0001
2025-07-10 22:10:24 - INFO - Epoch 019 | loss_total:3.7235, loss_info:4.3533, loss_ncl:0.0439, loss_adv:-0.5772, loss_diff:-0.0965, d_loss:0.5967, mu_distance:0.4227, lr:0.0001
2025-07-10 22:11:25 - INFO - Epoch 020 | loss_total:2.0974, loss_info:2.8648, loss_ncl:0.0437, loss_adv:-0.6583, loss_diff:-0.1528, d_loss:0.5134, mu_distance:1.1789, lr:0.0001
2025-07-10 22:12:31 - INFO - Epoch 021 | loss_total:0.6298, loss_info:1.4823, loss_ncl:0.0411, loss_adv:-0.7142, loss_diff:-0.1795, d_loss:0.4580, mu_distance:1.1594, lr:0.0001
2025-07-10 22:13:40 - INFO - Epoch 022 | loss_total:-0.5317, loss_info:0.3805, loss_ncl:0.0383, loss_adv:-0.7521, loss_diff:-0.1984, d_loss:0.4209, mu_distance:1.3246, lr:0.0001
2025-07-10 22:14:41 - INFO - Epoch 023 | loss_total:-0.3580, loss_info:0.5471, loss_ncl:0.0384, loss_adv:-0.7411, loss_diff:-0.2024, d_loss:0.4311, mu_distance:1.2181, lr:0.0001
2025-07-10 22:15:43 - INFO - Epoch 024 | loss_total:-0.5383, loss_info:0.3710, loss_ncl:0.0379, loss_adv:-0.7505, loss_diff:-0.1967, d_loss:0.4223, mu_distance:1.3473, lr:0.0001
2025-07-10 22:16:53 - INFO - Epoch 025 | loss_total:-0.8013, loss_info:0.1267, loss_ncl:0.0361, loss_adv:-0.7662, loss_diff:-0.1980, d_loss:0.4088, mu_distance:1.3535, lr:0.0001
2025-07-10 22:18:01 - INFO - Epoch 026 | loss_total:-0.8535, loss_info:0.0743, loss_ncl:0.0360, loss_adv:-0.7679, loss_diff:-0.1959, d_loss:0.4073, mu_distance:1.3957, lr:0.0001
2025-07-10 22:19:01 - INFO - Epoch 027 | loss_total:-0.8441, loss_info:0.0905, loss_ncl:0.0348, loss_adv:-0.7704, loss_diff:-0.1990, d_loss:0.4052, mu_distance:1.3568, lr:0.0001
2025-07-10 22:20:03 - INFO - Epoch 028 | loss_total:-0.9136, loss_info:0.0197, loss_ncl:0.0344, loss_adv:-0.7694, loss_diff:-0.1982, d_loss:0.4058, mu_distance:1.3943, lr:0.0001
2025-07-10 22:21:04 - INFO - Epoch 029 | loss_total:-0.9262, loss_info:0.0130, loss_ncl:0.0331, loss_adv:-0.7722, loss_diff:-0.2001, d_loss:0.4035, mu_distance:1.4019, lr:0.0001
2025-07-10 22:22:06 - INFO - Epoch 030 | loss_total:-0.9288, loss_info:0.0125, loss_ncl:0.0321, loss_adv:-0.7733, loss_diff:-0.2001, d_loss:0.4026, mu_distance:1.4059, lr:0.0001
2025-07-10 22:23:20 - INFO - Epoch 031 | loss_total:-0.9315, loss_info:0.0116, loss_ncl:0.0312, loss_adv:-0.7738, loss_diff:-0.2005, d_loss:0.4022, mu_distance:1.4068, lr:0.0001
2025-07-10 22:24:23 - INFO - Epoch 032 | loss_total:-0.9320, loss_info:0.0119, loss_ncl:0.0304, loss_adv:-0.7741, loss_diff:-0.2001, d_loss:0.4020, mu_distance:1.4080, lr:0.0001
2025-07-10 22:25:32 - INFO - Epoch 033 | loss_total:-0.9338, loss_info:0.0112, loss_ncl:0.0295, loss_adv:-0.7744, loss_diff:-0.2002, d_loss:0.4017, mu_distance:1.4094, lr:0.0001
2025-07-10 22:26:40 - INFO - Epoch 034 | loss_total:-0.9346, loss_info:0.0113, loss_ncl:0.0287, loss_adv:-0.7745, loss_diff:-0.2002, d_loss:0.4017, mu_distance:1.4096, lr:0.0001
2025-07-10 22:27:41 - INFO - Epoch 035 | loss_total:-0.8542, loss_info:0.0895, loss_ncl:0.0283, loss_adv:-0.7729, loss_diff:-0.1992, d_loss:0.4032, mu_distance:1.3688, lr:0.0001
2025-07-10 22:28:45 - INFO - Epoch 036 | loss_total:-0.0720, loss_info:0.8264, loss_ncl:0.0327, loss_adv:-0.7466, loss_diff:-0.1844, d_loss:0.4289, mu_distance:1.3366, lr:0.0001
2025-07-10 22:29:53 - INFO - Epoch 037 | loss_total:-0.9039, loss_info:0.0358, loss_ncl:0.0294, loss_adv:-0.7702, loss_diff:-0.1989, d_loss:0.4056, mu_distance:1.4008, lr:0.0001
2025-07-10 22:30:54 - INFO - Epoch 038 | loss_total:-0.6355, loss_info:0.2931, loss_ncl:0.0294, loss_adv:-0.7659, loss_diff:-0.1921, d_loss:0.4099, mu_distance:1.3854, lr:0.0001
2025-07-10 22:31:55 - INFO - Epoch 039 | loss_total:-0.9049, loss_info:0.0354, loss_ncl:0.0283, loss_adv:-0.7723, loss_diff:-0.1963, d_loss:0.4035, mu_distance:1.4024, lr:0.0001
2025-07-10 22:32:56 - INFO - Epoch 040 | loss_total:-0.9331, loss_info:0.0128, loss_ncl:0.0267, loss_adv:-0.7737, loss_diff:-0.1989, d_loss:0.4023, mu_distance:1.4088, lr:0.0001
2025-07-10 22:34:01 - INFO - Epoch 041 | loss_total:-0.9358, loss_info:0.0122, loss_ncl:0.0257, loss_adv:-0.7742, loss_diff:-0.1995, d_loss:0.4019, mu_distance:1.4103, lr:0.0001
2025-07-10 22:35:02 - INFO - Epoch 042 | loss_total:-0.9355, loss_info:0.0133, loss_ncl:0.0250, loss_adv:-0.7744, loss_diff:-0.1994, d_loss:0.4017, mu_distance:1.4056, lr:0.0001
2025-07-10 22:36:04 - INFO - Epoch 043 | loss_total:-0.9227, loss_info:0.0241, loss_ncl:0.0247, loss_adv:-0.7729, loss_diff:-0.1986, d_loss:0.4031, mu_distance:1.4066, lr:0.0001
2025-07-10 22:37:05 - INFO - Epoch 044 | loss_total:-0.9362, loss_info:0.0143, loss_ncl:0.0237, loss_adv:-0.7743, loss_diff:-0.1999, d_loss:0.4018, mu_distance:1.4095, lr:0.0001
2025-07-10 22:38:06 - INFO - Epoch 045 | loss_total:-0.9396, loss_info:0.0120, loss_ncl:0.0229, loss_adv:-0.7745, loss_diff:-0.2001, d_loss:0.4016, mu_distance:1.4103, lr:0.0001
2025-07-10 22:39:07 - INFO - Epoch 046 | loss_total:-0.9416, loss_info:0.0111, loss_ncl:0.0221, loss_adv:-0.7747, loss_diff:-0.2001, d_loss:0.4015, mu_distance:1.4108, lr:0.0001
2025-07-10 22:40:07 - INFO - Epoch 047 | loss_total:-0.8486, loss_info:0.0987, loss_ncl:0.0224, loss_adv:-0.7720, loss_diff:-0.1977, d_loss:0.4042, mu_distance:1.3821, lr:0.0001
2025-07-10 22:41:06 - INFO - Epoch 048 | loss_total:-0.7305, loss_info:0.2100, loss_ncl:0.0231, loss_adv:-0.7655, loss_diff:-0.1982, d_loss:0.4102, mu_distance:1.3972, lr:0.0001
2025-07-10 22:42:07 - INFO - Epoch 049 | loss_total:-0.9249, loss_info:0.0262, loss_ncl:0.0213, loss_adv:-0.7729, loss_diff:-0.1995, d_loss:0.4031, mu_distance:1.4025, lr:0.0001
2025-07-10 22:43:08 - INFO - Epoch 050 | loss_total:-0.9360, loss_info:0.0175, loss_ncl:0.0203, loss_adv:-0.7739, loss_diff:-0.2000, d_loss:0.4022, mu_distance:1.4081, lr:0.0001
2025-07-10 22:44:14 - INFO - Epoch 051 | loss_total:-0.9441, loss_info:0.0114, loss_ncl:0.0193, loss_adv:-0.7744, loss_diff:-0.2004, d_loss:0.4018, mu_distance:1.4099, lr:0.0000
2025-07-10 22:45:15 - INFO - Epoch 052 | loss_total:-0.9449, loss_info:0.0115, loss_ncl:0.0184, loss_adv:-0.7744, loss_diff:-0.2004, d_loss:0.4018, mu_distance:1.4105, lr:0.0000
2025-07-10 22:46:16 - INFO - Epoch 053 | loss_total:-0.9436, loss_info:0.0137, loss_ncl:0.0177, loss_adv:-0.7746, loss_diff:-0.2005, d_loss:0.4017, mu_distance:1.4097, lr:0.0000
2025-07-10 22:47:16 - INFO - Epoch 054 | loss_total:-0.9394, loss_info:0.0168, loss_ncl:0.0174, loss_adv:-0.7742, loss_diff:-0.1994, d_loss:0.4020, mu_distance:1.4072, lr:0.0000
2025-07-10 22:48:16 - INFO - Epoch 055 | loss_total:-0.9473, loss_info:0.0111, loss_ncl:0.0166, loss_adv:-0.7748, loss_diff:-0.2002, d_loss:0.4014, mu_distance:1.4102, lr:0.0000
2025-07-10 22:49:16 - INFO - Epoch 056 | loss_total:-0.8208, loss_info:0.1325, loss_ncl:0.0169, loss_adv:-0.7725, loss_diff:-0.1977, d_loss:0.4040, mu_distance:1.3795, lr:0.0000
2025-07-10 22:50:16 - INFO - Epoch 057 | loss_total:-0.8625, loss_info:0.0912, loss_ncl:0.0171, loss_adv:-0.7733, loss_diff:-0.1976, d_loss:0.4030, mu_distance:1.4074, lr:0.0000
2025-07-10 22:51:16 - INFO - Epoch 058 | loss_total:-0.9182, loss_info:0.0388, loss_ncl:0.0161, loss_adv:-0.7738, loss_diff:-0.1992, d_loss:0.4025, mu_distance:1.4077, lr:0.0000
2025-07-10 22:52:16 - INFO - Epoch 059 | loss_total:-0.9328, loss_info:0.0258, loss_ncl:0.0152, loss_adv:-0.7742, loss_diff:-0.1995, d_loss:0.4022, mu_distance:1.4088, lr:0.0000
2025-07-10 22:53:17 - INFO - Epoch 060 | loss_total:-0.9390, loss_info:0.0218, loss_ncl:0.0144, loss_adv:-0.7749, loss_diff:-0.2002, d_loss:0.4014, mu_distance:1.4117, lr:0.0000
2025-07-10 22:54:22 - INFO - Epoch 061 | loss_total:-0.9316, loss_info:0.0296, loss_ncl:0.0137, loss_adv:-0.7750, loss_diff:-0.2000, d_loss:0.4014, mu_distance:1.4121, lr:0.0000
2025-07-10 22:55:23 - INFO - Epoch 062 | loss_total:-0.9390, loss_info:0.0225, loss_ncl:0.0130, loss_adv:-0.7748, loss_diff:-0.1997, d_loss:0.4015, mu_distance:1.4123, lr:0.0000
2025-07-10 22:56:24 - INFO - Epoch 063 | loss_total:-0.9372, loss_info:0.0255, loss_ncl:0.0123, loss_adv:-0.7750, loss_diff:-0.2000, d_loss:0.4014, mu_distance:1.4109, lr:0.0000
2025-07-10 22:57:25 - INFO - Epoch 064 | loss_total:-0.9347, loss_info:0.0287, loss_ncl:0.0118, loss_adv:-0.7751, loss_diff:-0.2001, d_loss:0.4012, mu_distance:1.4128, lr:0.0000
2025-07-10 22:58:27 - INFO - Epoch 065 | loss_total:-0.9459, loss_info:0.0181, loss_ncl:0.0114, loss_adv:-0.7752, loss_diff:-0.2002, d_loss:0.4012, mu_distance:1.4121, lr:0.0000
2025-07-10 22:59:28 - INFO - Epoch 066 | loss_total:-0.9494, loss_info:0.0148, loss_ncl:0.0111, loss_adv:-0.7751, loss_diff:-0.2002, d_loss:0.4012, mu_distance:1.4119, lr:0.0000
2025-07-10 23:00:30 - INFO - Epoch 067 | loss_total:-0.9427, loss_info:0.0217, loss_ncl:0.0109, loss_adv:-0.7752, loss_diff:-0.2001, d_loss:0.4011, mu_distance:1.4117, lr:0.0000
2025-07-10 23:01:31 - INFO - Epoch 068 | loss_total:-0.9429, loss_info:0.0220, loss_ncl:0.0106, loss_adv:-0.7753, loss_diff:-0.2001, d_loss:0.4011, mu_distance:1.4132, lr:0.0000
2025-07-10 23:02:35 - INFO - Epoch 069 | loss_total:-0.9293, loss_info:0.0356, loss_ncl:0.0104, loss_adv:-0.7753, loss_diff:-0.2000, d_loss:0.4011, mu_distance:1.4122, lr:0.0000
2025-07-10 23:03:37 - INFO - Epoch 070 | loss_total:-0.9365, loss_info:0.0289, loss_ncl:0.0100, loss_adv:-0.7753, loss_diff:-0.2001, d_loss:0.4011, mu_distance:1.4132, lr:0.0000
2025-07-10 23:04:44 - INFO - Epoch 071 | loss_total:-0.8579, loss_info:0.1062, loss_ncl:0.0101, loss_adv:-0.7748, loss_diff:-0.1995, d_loss:0.4016, mu_distance:1.4113, lr:0.0000
2025-07-10 23:05:45 - INFO - Epoch 072 | loss_total:-0.9307, loss_info:0.0347, loss_ncl:0.0096, loss_adv:-0.7750, loss_diff:-0.2000, d_loss:0.4013, mu_distance:1.4112, lr:0.0000
2025-07-10 23:06:45 - INFO - Epoch 073 | loss_total:-0.9382, loss_info:0.0261, loss_ncl:0.0098, loss_adv:-0.7749, loss_diff:-0.1992, d_loss:0.4014, mu_distance:1.4128, lr:0.0000
2025-07-10 23:07:46 - INFO - Epoch 074 | loss_total:-0.9265, loss_info:0.0392, loss_ncl:0.0093, loss_adv:-0.7752, loss_diff:-0.1998, d_loss:0.4012, mu_distance:1.4117, lr:0.0000
2025-07-10 23:08:47 - INFO - Epoch 075 | loss_total:-0.9342, loss_info:0.0322, loss_ncl:0.0090, loss_adv:-0.7752, loss_diff:-0.2001, d_loss:0.4011, mu_distance:1.4134, lr:0.0000
2025-07-10 23:09:50 - INFO - Epoch 076 | loss_total:-0.9273, loss_info:0.0390, loss_ncl:0.0089, loss_adv:-0.7752, loss_diff:-0.2000, d_loss:0.4011, mu_distance:1.4130, lr:0.0000
2025-07-10 23:10:50 - INFO - Epoch 077 | loss_total:-0.9238, loss_info:0.0426, loss_ncl:0.0088, loss_adv:-0.7752, loss_diff:-0.2001, d_loss:0.4013, mu_distance:1.4119, lr:0.0000
2025-07-10 23:11:51 - INFO - Epoch 078 | loss_total:-0.9515, loss_info:0.0145, loss_ncl:0.0089, loss_adv:-0.7752, loss_diff:-0.1997, d_loss:0.4011, mu_distance:1.4133, lr:0.0000
2025-07-10 23:12:52 - INFO - Epoch 079 | loss_total:-0.9553, loss_info:0.0112, loss_ncl:0.0086, loss_adv:-0.7753, loss_diff:-0.1998, d_loss:0.4010, mu_distance:1.4136, lr:0.0000
2025-07-10 23:13:54 - INFO - Epoch 080 | loss_total:-0.9562, loss_info:0.0109, loss_ncl:0.0083, loss_adv:-0.7754, loss_diff:-0.2001, d_loss:0.4010, mu_distance:1.4136, lr:0.0000
2025-07-10 23:15:00 - INFO - Epoch 081 | loss_total:-0.9562, loss_info:0.0110, loss_ncl:0.0081, loss_adv:-0.7753, loss_diff:-0.2000, d_loss:0.4010, mu_distance:1.4129, lr:0.0000
2025-07-10 23:16:00 - INFO - Epoch 082 | loss_total:-0.9558, loss_info:0.0117, loss_ncl:0.0080, loss_adv:-0.7753, loss_diff:-0.2002, d_loss:0.4010, mu_distance:1.4129, lr:0.0000
2025-07-10 23:17:02 - INFO - Epoch 083 | loss_total:-0.9564, loss_info:0.0111, loss_ncl:0.0080, loss_adv:-0.7754, loss_diff:-0.2001, d_loss:0.4010, mu_distance:1.4136, lr:0.0000
2025-07-10 23:18:11 - INFO - Epoch 084 | loss_total:-0.9567, loss_info:0.0109, loss_ncl:0.0079, loss_adv:-0.7754, loss_diff:-0.2001, d_loss:0.4010, mu_distance:1.4135, lr:0.0000
2025-07-10 23:19:13 - INFO - Epoch 085 | loss_total:-0.9564, loss_info:0.0111, loss_ncl:0.0079, loss_adv:-0.7753, loss_diff:-0.2002, d_loss:0.4010, mu_distance:1.4132, lr:0.0000
2025-07-10 23:20:14 - INFO - Epoch 086 | loss_total:-0.9567, loss_info:0.0109, loss_ncl:0.0079, loss_adv:-0.7754, loss_diff:-0.2001, d_loss:0.4009, mu_distance:1.4137, lr:0.0000
2025-07-10 23:21:16 - INFO - Epoch 087 | loss_total:-0.9454, loss_info:0.0221, loss_ncl:0.0079, loss_adv:-0.7753, loss_diff:-0.2001, d_loss:0.4010, mu_distance:1.4125, lr:0.0000
2025-07-10 23:22:17 - INFO - Epoch 088 | loss_total:-0.9512, loss_info:0.0164, loss_ncl:0.0079, loss_adv:-0.7754, loss_diff:-0.2002, d_loss:0.4010, mu_distance:1.4137, lr:0.0000
2025-07-10 23:23:18 - INFO - Epoch 089 | loss_total:-0.9536, loss_info:0.0140, loss_ncl:0.0079, loss_adv:-0.7754, loss_diff:-0.2001, d_loss:0.4010, mu_distance:1.4132, lr:0.0000
2025-07-10 23:24:19 - INFO - Epoch 090 | loss_total:-0.9562, loss_info:0.0114, loss_ncl:0.0079, loss_adv:-0.7754, loss_diff:-0.2001, d_loss:0.4010, mu_distance:1.4132, lr:0.0000
2025-07-10 23:25:24 - INFO - Epoch 091 | loss_total:-0.9566, loss_info:0.0110, loss_ncl:0.0079, loss_adv:-0.7754, loss_diff:-0.2001, d_loss:0.4009, mu_distance:1.4138, lr:0.0000
2025-07-10 23:26:25 - INFO - Epoch 092 | loss_total:-0.9567, loss_info:0.0109, loss_ncl:0.0079, loss_adv:-0.7754, loss_diff:-0.2001, d_loss:0.4010, mu_distance:1.4135, lr:0.0000
2025-07-10 23:27:28 - INFO - Epoch 093 | loss_total:-0.9563, loss_info:0.0113, loss_ncl:0.0079, loss_adv:-0.7754, loss_diff:-0.2001, d_loss:0.4010, mu_distance:1.4137, lr:0.0000
2025-07-10 23:28:28 - INFO - Epoch 094 | loss_total:-0.9535, loss_info:0.0141, loss_ncl:0.0079, loss_adv:-0.7754, loss_diff:-0.2001, d_loss:0.4009, mu_distance:1.4128, lr:0.0000
2025-07-10 23:29:27 - INFO - Epoch 095 | loss_total:-0.9561, loss_info:0.0115, loss_ncl:0.0079, loss_adv:-0.7754, loss_diff:-0.2001, d_loss:0.4009, mu_distance:1.4137, lr:0.0000
2025-07-10 23:30:26 - INFO - Epoch 096 | loss_total:-0.9567, loss_info:0.0109, loss_ncl:0.0079, loss_adv:-0.7754, loss_diff:-0.2001, d_loss:0.4009, mu_distance:1.4138, lr:0.0000
2025-07-10 23:31:25 - INFO - Epoch 097 | loss_total:-0.9568, loss_info:0.0108, loss_ncl:0.0079, loss_adv:-0.7754, loss_diff:-0.2001, d_loss:0.4009, mu_distance:1.4138, lr:0.0000
2025-07-10 23:32:24 - INFO - Epoch 098 | loss_total:-0.9566, loss_info:0.0110, loss_ncl:0.0079, loss_adv:-0.7754, loss_diff:-0.2001, d_loss:0.4009, mu_distance:1.4138, lr:0.0000
2025-07-10 23:33:23 - INFO - Epoch 099 | loss_total:-0.9568, loss_info:0.0108, loss_ncl:0.0079, loss_adv:-0.7754, loss_diff:-0.2001, d_loss:0.4009, mu_distance:1.4134, lr:0.0000
2025-07-10 23:34:23 - INFO - Epoch 100 | loss_total:-0.9558, loss_info:0.0118, loss_ncl:0.0079, loss_adv:-0.7754, loss_diff:-0.2001, d_loss:0.4010, mu_distance:1.4137, lr:0.0000
2025-07-10 23:34:28 - INFO - Metrics saved → ./logs/feature_extraction_experiment_20250710_215040/metrics.json
2025-07-10 23:34:30 - INFO - Loss curves saved → ./logs/feature_extraction_experiment_20250710_215040/loss_curves.png
