2025-07-11 22:07:27 - INFO - Experiment dir: ./logs/feature_extraction_experiment_20250711_220727
2025-07-11 22:08:34 - INFO - Epoch 001 | loss_total:4.4910, loss_info:5.1395, loss_ncl:0.0455, loss_adv:-0.6025, loss_diff:-0.0914, d_loss:0.6482, mu_distance:0.4005, lr:0.0001
2025-07-11 22:09:33 - INFO - Epoch 002 | loss_total:3.1611, loss_info:4.0013, loss_ncl:0.0418, loss_adv:-0.6912, loss_diff:-0.1909, d_loss:0.5671, mu_distance:0.8335, lr:0.0001
2025-07-11 22:10:32 - INFO - Epoch 003 | loss_total:1.9330, loss_info:2.8845, loss_ncl:0.0401, loss_adv:-0.7557, loss_diff:-0.2359, d_loss:0.5088, mu_distance:0.8740, lr:0.0001
2025-07-11 22:11:30 - INFO - Epoch 004 | loss_total:0.4838, loss_info:1.5324, loss_ncl:0.0368, loss_adv:-0.8147, loss_diff:-0.2707, d_loss:0.4555, mu_distance:1.1428, lr:0.0001
2025-07-11 22:12:29 - INFO - Epoch 005 | loss_total:0.1882, loss_info:1.2502, loss_ncl:0.0362, loss_adv:-0.8325, loss_diff:-0.2657, d_loss:0.4418, mu_distance:1.2716, lr:0.0001
2025-07-11 22:13:28 - INFO - Epoch 006 | loss_total:-0.3104, loss_info:0.7729, loss_ncl:0.0350, loss_adv:-0.8544, loss_diff:-0.2638, d_loss:0.4240, mu_distance:1.2292, lr:0.0001
2025-07-11 22:14:30 - INFO - Epoch 007 | loss_total:-0.1522, loss_info:0.9345, loss_ncl:0.0349, loss_adv:-0.8469, loss_diff:-0.2747, d_loss:0.4301, mu_distance:1.2953, lr:0.0001
2025-07-11 22:15:29 - INFO - Epoch 008 | loss_total:-0.6513, loss_info:0.4539, loss_ncl:0.0334, loss_adv:-0.8629, loss_diff:-0.2757, d_loss:0.4170, mu_distance:1.3536, lr:0.0001
2025-07-11 22:16:28 - INFO - Epoch 009 | loss_total:-0.8133, loss_info:0.2918, loss_ncl:0.0324, loss_adv:-0.8774, loss_diff:-0.2601, d_loss:0.4067, mu_distance:1.3913, lr:0.0001
2025-07-11 22:17:27 - INFO - Epoch 010 | loss_total:-0.4193, loss_info:0.6733, loss_ncl:0.0326, loss_adv:-0.8722, loss_diff:-0.2530, d_loss:0.4120, mu_distance:1.3071, lr:0.0001
2025-07-11 22:18:32 - INFO - Epoch 011 | loss_total:-0.4255, loss_info:0.6545, loss_ncl:0.0332, loss_adv:-0.8659, loss_diff:-0.2474, d_loss:0.4168, mu_distance:1.3166, lr:0.0001
2025-07-11 22:19:30 - INFO - Epoch 012 | loss_total:-0.3469, loss_info:0.7322, loss_ncl:0.0335, loss_adv:-0.8660, loss_diff:-0.2467, d_loss:0.4168, mu_distance:1.3810, lr:0.0001
2025-07-11 22:20:29 - INFO - Epoch 013 | loss_total:-0.8118, loss_info:0.2917, loss_ncl:0.0314, loss_adv:-0.8824, loss_diff:-0.2525, d_loss:0.4035, mu_distance:1.3981, lr:0.0001
2025-07-11 22:21:29 - INFO - Epoch 014 | loss_total:-0.8200, loss_info:0.2843, loss_ncl:0.0307, loss_adv:-0.8835, loss_diff:-0.2515, d_loss:0.4027, mu_distance:1.4039, lr:0.0001
2025-07-11 22:22:28 - INFO - Epoch 015 | loss_total:-0.8233, loss_info:0.2825, loss_ncl:0.0301, loss_adv:-0.8842, loss_diff:-0.2517, d_loss:0.4022, mu_distance:1.4078, lr:0.0001
2025-07-11 22:23:28 - INFO - Epoch 016 | loss_total:-0.8035, loss_info:0.3021, loss_ncl:0.0296, loss_adv:-0.8842, loss_diff:-0.2509, d_loss:0.4023, mu_distance:1.4074, lr:0.0001
2025-07-11 22:24:28 - INFO - Epoch 017 | loss_total:-0.8282, loss_info:0.2785, loss_ncl:0.0290, loss_adv:-0.8850, loss_diff:-0.2508, d_loss:0.4018, mu_distance:1.4101, lr:0.0001
2025-07-11 22:25:27 - INFO - Epoch 018 | loss_total:-0.8314, loss_info:0.2762, loss_ncl:0.0284, loss_adv:-0.8851, loss_diff:-0.2508, d_loss:0.4016, mu_distance:1.4097, lr:0.0001
2025-07-11 22:26:27 - INFO - Epoch 019 | loss_total:-0.8326, loss_info:0.2759, loss_ncl:0.0276, loss_adv:-0.8854, loss_diff:-0.2507, d_loss:0.4015, mu_distance:1.4110, lr:0.0001
2025-07-11 22:27:27 - INFO - Epoch 020 | loss_total:-0.8314, loss_info:0.2779, loss_ncl:0.0269, loss_adv:-0.8855, loss_diff:-0.2507, d_loss:0.4014, mu_distance:1.4111, lr:0.0001
2025-07-11 22:28:31 - INFO - Epoch 021 | loss_total:-0.8346, loss_info:0.2754, loss_ncl:0.0262, loss_adv:-0.8857, loss_diff:-0.2506, d_loss:0.4013, mu_distance:1.4117, lr:0.0001
2025-07-11 22:29:31 - INFO - Epoch 022 | loss_total:-0.8357, loss_info:0.2751, loss_ncl:0.0255, loss_adv:-0.8857, loss_diff:-0.2506, d_loss:0.4013, mu_distance:1.4115, lr:0.0001
2025-07-11 22:30:30 - INFO - Epoch 023 | loss_total:0.9124, loss_info:1.9518, loss_ncl:0.0277, loss_adv:-0.8230, loss_diff:-0.2442, d_loss:0.4578, mu_distance:1.1939, lr:0.0001
2025-07-11 22:31:30 - INFO - Epoch 024 | loss_total:0.3062, loss_info:1.3745, loss_ncl:0.0299, loss_adv:-0.8495, loss_diff:-0.2488, d_loss:0.4320, mu_distance:1.3066, lr:0.0001
2025-07-11 22:32:29 - INFO - Epoch 025 | loss_total:-0.6884, loss_info:0.4100, loss_ncl:0.0275, loss_adv:-0.8790, loss_diff:-0.2469, d_loss:0.4066, mu_distance:1.3956, lr:0.0001
2025-07-11 22:33:28 - INFO - Epoch 026 | loss_total:-0.5637, loss_info:0.5328, loss_ncl:0.0272, loss_adv:-0.8784, loss_diff:-0.2453, d_loss:0.4075, mu_distance:1.4003, lr:0.0001
2025-07-11 22:34:27 - INFO - Epoch 027 | loss_total:-0.7536, loss_info:0.3521, loss_ncl:0.0260, loss_adv:-0.8832, loss_diff:-0.2484, d_loss:0.4033, mu_distance:1.4061, lr:0.0001
2025-07-11 22:35:26 - INFO - Epoch 028 | loss_total:-0.8247, loss_info:0.2857, loss_ncl:0.0249, loss_adv:-0.8848, loss_diff:-0.2504, d_loss:0.4020, mu_distance:1.4078, lr:0.0001
2025-07-11 22:36:25 - INFO - Epoch 029 | loss_total:-0.8316, loss_info:0.2797, loss_ncl:0.0241, loss_adv:-0.8852, loss_diff:-0.2502, d_loss:0.4016, mu_distance:1.4109, lr:0.0001
2025-07-11 22:37:24 - INFO - Epoch 030 | loss_total:-0.8075, loss_info:0.3034, loss_ncl:0.0238, loss_adv:-0.8850, loss_diff:-0.2497, d_loss:0.4019, mu_distance:1.4111, lr:0.0001
2025-07-11 22:38:28 - INFO - Epoch 031 | loss_total:-0.7583, loss_info:0.3526, loss_ncl:0.0235, loss_adv:-0.8848, loss_diff:-0.2496, d_loss:0.4020, mu_distance:1.4109, lr:0.0001
2025-07-11 22:39:27 - INFO - Epoch 032 | loss_total:-0.8310, loss_info:0.2808, loss_ncl:0.0232, loss_adv:-0.8853, loss_diff:-0.2498, d_loss:0.4018, mu_distance:1.4026, lr:0.0001
2025-07-11 22:40:26 - INFO - Epoch 033 | loss_total:-0.8369, loss_info:0.2754, loss_ncl:0.0229, loss_adv:-0.8856, loss_diff:-0.2497, d_loss:0.4015, mu_distance:1.4105, lr:0.0001
2025-07-11 22:41:25 - INFO - Epoch 034 | loss_total:-0.8347, loss_info:0.2786, loss_ncl:0.0226, loss_adv:-0.8858, loss_diff:-0.2501, d_loss:0.4012, mu_distance:1.4124, lr:0.0001
2025-07-11 22:42:24 - INFO - Epoch 035 | loss_total:-0.6175, loss_info:0.4912, loss_ncl:0.0226, loss_adv:-0.8820, loss_diff:-0.2494, d_loss:0.4059, mu_distance:1.4032, lr:0.0001
2025-07-11 22:43:23 - INFO - Epoch 036 | loss_total:-0.8294, loss_info:0.2839, loss_ncl:0.0221, loss_adv:-0.8856, loss_diff:-0.2498, d_loss:0.4014, mu_distance:1.4086, lr:0.0001
2025-07-11 22:44:22 - INFO - Epoch 037 | loss_total:-0.6538, loss_info:0.4542, loss_ncl:0.0225, loss_adv:-0.8831, loss_diff:-0.2473, d_loss:0.4038, mu_distance:1.3443, lr:0.0001
2025-07-11 22:45:21 - INFO - Epoch 038 | loss_total:-0.1746, loss_info:0.9147, loss_ncl:0.0245, loss_adv:-0.8676, loss_diff:-0.2462, d_loss:0.4172, mu_distance:1.3932, lr:0.0001
2025-07-11 22:46:21 - INFO - Epoch 039 | loss_total:-0.7815, loss_info:0.3304, loss_ncl:0.0218, loss_adv:-0.8837, loss_diff:-0.2501, d_loss:0.4029, mu_distance:1.4062, lr:0.0001
2025-07-11 22:47:20 - INFO - Epoch 040 | loss_total:-0.5609, loss_info:0.5477, loss_ncl:0.0222, loss_adv:-0.8769, loss_diff:-0.2538, d_loss:0.4085, mu_distance:1.3966, lr:0.0001
2025-07-11 22:48:26 - INFO - Epoch 041 | loss_total:-0.8033, loss_info:0.3108, loss_ncl:0.0212, loss_adv:-0.8840, loss_diff:-0.2514, d_loss:0.4026, mu_distance:1.4087, lr:0.0001
2025-07-11 22:49:32 - INFO - Epoch 042 | loss_total:-0.8390, loss_info:0.2764, loss_ncl:0.0208, loss_adv:-0.8848, loss_diff:-0.2514, d_loss:0.4019, mu_distance:1.4081, lr:0.0001
2025-07-11 22:50:32 - INFO - Epoch 043 | loss_total:-0.8404, loss_info:0.2755, loss_ncl:0.0206, loss_adv:-0.8851, loss_diff:-0.2513, d_loss:0.4017, mu_distance:1.4097, lr:0.0001
2025-07-11 22:51:35 - INFO - Epoch 044 | loss_total:-0.8384, loss_info:0.2776, loss_ncl:0.0204, loss_adv:-0.8851, loss_diff:-0.2512, d_loss:0.4017, mu_distance:1.4097, lr:0.0001
2025-07-11 22:52:35 - INFO - Epoch 045 | loss_total:-0.7997, loss_info:0.3147, loss_ncl:0.0203, loss_adv:-0.8848, loss_diff:-0.2499, d_loss:0.4020, mu_distance:1.4072, lr:0.0001
2025-07-11 22:53:38 - INFO - Epoch 046 | loss_total:-0.8288, loss_info:0.2862, loss_ncl:0.0200, loss_adv:-0.8852, loss_diff:-0.2498, d_loss:0.4017, mu_distance:1.4110, lr:0.0001
2025-07-11 22:54:37 - INFO - Epoch 047 | loss_total:-0.8415, loss_info:0.2749, loss_ncl:0.0196, loss_adv:-0.8856, loss_diff:-0.2504, d_loss:0.4013, mu_distance:1.4110, lr:0.0001
2025-07-11 22:55:42 - INFO - Epoch 048 | loss_total:-0.8007, loss_info:0.3158, loss_ncl:0.0192, loss_adv:-0.8854, loss_diff:-0.2503, d_loss:0.4016, mu_distance:1.4095, lr:0.0001
2025-07-11 22:56:41 - INFO - Epoch 049 | loss_total:-0.8238, loss_info:0.2936, loss_ncl:0.0188, loss_adv:-0.8856, loss_diff:-0.2505, d_loss:0.4014, mu_distance:1.4122, lr:0.0001
2025-07-11 22:57:45 - INFO - Epoch 050 | loss_total:-0.8339, loss_info:0.2841, loss_ncl:0.0182, loss_adv:-0.8858, loss_diff:-0.2504, d_loss:0.4012, mu_distance:1.4120, lr:0.0001
2025-07-11 22:58:49 - INFO - Epoch 051 | loss_total:-0.7587, loss_info:0.3593, loss_ncl:0.0177, loss_adv:-0.8856, loss_diff:-0.2502, d_loss:0.4014, mu_distance:1.4094, lr:0.0000
2025-07-11 22:59:49 - INFO - Epoch 052 | loss_total:-0.8368, loss_info:0.2809, loss_ncl:0.0175, loss_adv:-0.8855, loss_diff:-0.2498, d_loss:0.4015, mu_distance:1.4103, lr:0.0000
2025-07-11 23:00:49 - INFO - Epoch 053 | loss_total:-0.4832, loss_info:0.6229, loss_ncl:0.0186, loss_adv:-0.8739, loss_diff:-0.2508, d_loss:0.4116, mu_distance:1.3347, lr:0.0000
2025-07-11 23:01:49 - INFO - Epoch 054 | loss_total:-0.8242, loss_info:0.2965, loss_ncl:0.0175, loss_adv:-0.8782, loss_diff:-0.2600, d_loss:0.4067, mu_distance:1.3931, lr:0.0000
2025-07-11 23:02:49 - INFO - Epoch 055 | loss_total:-0.8358, loss_info:0.2844, loss_ncl:0.0170, loss_adv:-0.8828, loss_diff:-0.2545, d_loss:0.4034, mu_distance:1.4031, lr:0.0000
2025-07-11 23:03:48 - INFO - Epoch 056 | loss_total:-0.8443, loss_info:0.2760, loss_ncl:0.0168, loss_adv:-0.8840, loss_diff:-0.2530, d_loss:0.4025, mu_distance:1.4068, lr:0.0000
2025-07-11 23:04:47 - INFO - Epoch 057 | loss_total:-0.8445, loss_info:0.2753, loss_ncl:0.0166, loss_adv:-0.8848, loss_diff:-0.2516, d_loss:0.4019, mu_distance:1.4071, lr:0.0000
2025-07-11 23:05:47 - INFO - Epoch 058 | loss_total:-0.7268, loss_info:0.3920, loss_ncl:0.0166, loss_adv:-0.8827, loss_diff:-0.2526, d_loss:0.4036, mu_distance:1.3865, lr:0.0000
2025-07-11 23:06:46 - INFO - Epoch 059 | loss_total:-0.7951, loss_info:0.3249, loss_ncl:0.0163, loss_adv:-0.8842, loss_diff:-0.2521, d_loss:0.4025, mu_distance:1.4084, lr:0.0000
2025-07-11 23:07:48 - INFO - Epoch 060 | loss_total:-0.8161, loss_info:0.3039, loss_ncl:0.0160, loss_adv:-0.8853, loss_diff:-0.2507, d_loss:0.4015, mu_distance:1.4107, lr:0.0000
2025-07-11 23:08:52 - INFO - Epoch 061 | loss_total:-0.8454, loss_info:0.2752, loss_ncl:0.0157, loss_adv:-0.8854, loss_diff:-0.2509, d_loss:0.4015, mu_distance:1.4109, lr:0.0000
2025-07-11 23:09:51 - INFO - Epoch 062 | loss_total:-0.8432, loss_info:0.2770, loss_ncl:0.0156, loss_adv:-0.8854, loss_diff:-0.2504, d_loss:0.4016, mu_distance:1.4072, lr:0.0000
2025-07-11 23:10:50 - INFO - Epoch 063 | loss_total:-0.8461, loss_info:0.2747, loss_ncl:0.0154, loss_adv:-0.8857, loss_diff:-0.2506, d_loss:0.4013, mu_distance:1.4127, lr:0.0000
2025-07-11 23:11:49 - INFO - Epoch 064 | loss_total:-0.8460, loss_info:0.2749, loss_ncl:0.0153, loss_adv:-0.8857, loss_diff:-0.2505, d_loss:0.4013, mu_distance:1.4117, lr:0.0000
2025-07-11 23:12:48 - INFO - Epoch 065 | loss_total:-0.8461, loss_info:0.2751, loss_ncl:0.0152, loss_adv:-0.8858, loss_diff:-0.2505, d_loss:0.4012, mu_distance:1.4121, lr:0.0000
2025-07-11 23:13:47 - INFO - Epoch 066 | loss_total:-0.8467, loss_info:0.2747, loss_ncl:0.0150, loss_adv:-0.8858, loss_diff:-0.2506, d_loss:0.4012, mu_distance:1.4125, lr:0.0000
2025-07-11 23:14:49 - INFO - Epoch 067 | loss_total:-0.8466, loss_info:0.2747, loss_ncl:0.0149, loss_adv:-0.8859, loss_diff:-0.2503, d_loss:0.4012, mu_distance:1.4128, lr:0.0000
2025-07-11 23:15:48 - INFO - Epoch 068 | loss_total:-0.8472, loss_info:0.2744, loss_ncl:0.0147, loss_adv:-0.8860, loss_diff:-0.2504, d_loss:0.4011, mu_distance:1.4131, lr:0.0000
2025-07-11 23:16:47 - INFO - Epoch 069 | loss_total:-0.8475, loss_info:0.2745, loss_ncl:0.0145, loss_adv:-0.8860, loss_diff:-0.2504, d_loss:0.4010, mu_distance:1.4131, lr:0.0000
2025-07-11 23:17:48 - INFO - Epoch 070 | loss_total:-0.8476, loss_info:0.2745, loss_ncl:0.0142, loss_adv:-0.8860, loss_diff:-0.2504, d_loss:0.4011, mu_distance:1.4127, lr:0.0000
2025-07-11 23:18:53 - INFO - Epoch 071 | loss_total:-0.8476, loss_info:0.2747, loss_ncl:0.0140, loss_adv:-0.8859, loss_diff:-0.2504, d_loss:0.4011, mu_distance:1.4125, lr:0.0000
2025-07-11 23:19:53 - INFO - Epoch 072 | loss_total:-0.8471, loss_info:0.2753, loss_ncl:0.0137, loss_adv:-0.8860, loss_diff:-0.2502, d_loss:0.4011, mu_distance:1.4135, lr:0.0000
2025-07-11 23:20:53 - INFO - Epoch 073 | loss_total:-0.8033, loss_info:0.3185, loss_ncl:0.0135, loss_adv:-0.8852, loss_diff:-0.2502, d_loss:0.4019, mu_distance:1.4116, lr:0.0000
2025-07-11 23:21:54 - INFO - Epoch 074 | loss_total:-0.8233, loss_info:0.2994, loss_ncl:0.0132, loss_adv:-0.8858, loss_diff:-0.2502, d_loss:0.4013, mu_distance:1.4108, lr:0.0000
2025-07-11 23:22:54 - INFO - Epoch 075 | loss_total:-0.8379, loss_info:0.2853, loss_ncl:0.0130, loss_adv:-0.8859, loss_diff:-0.2503, d_loss:0.4012, mu_distance:1.4126, lr:0.0000
2025-07-11 23:23:55 - INFO - Epoch 076 | loss_total:-0.8306, loss_info:0.2928, loss_ncl:0.0128, loss_adv:-0.8859, loss_diff:-0.2502, d_loss:0.4012, mu_distance:1.4125, lr:0.0000
2025-07-11 23:24:54 - INFO - Epoch 077 | loss_total:-0.8241, loss_info:0.2988, loss_ncl:0.0128, loss_adv:-0.8858, loss_diff:-0.2499, d_loss:0.4012, mu_distance:1.4125, lr:0.0000
2025-07-11 23:25:54 - INFO - Epoch 078 | loss_total:-0.8439, loss_info:0.2794, loss_ncl:0.0126, loss_adv:-0.8861, loss_diff:-0.2499, d_loss:0.4010, mu_distance:1.4134, lr:0.0000
2025-07-11 23:26:54 - INFO - Epoch 079 | loss_total:-0.8485, loss_info:0.2754, loss_ncl:0.0124, loss_adv:-0.8861, loss_diff:-0.2501, d_loss:0.4010, mu_distance:1.4129, lr:0.0000
2025-07-11 23:27:54 - INFO - Epoch 080 | loss_total:-0.8398, loss_info:0.2843, loss_ncl:0.0122, loss_adv:-0.8861, loss_diff:-0.2502, d_loss:0.4010, mu_distance:1.4134, lr:0.0000
2025-07-11 23:29:00 - INFO - Epoch 081 | loss_total:-0.8490, loss_info:0.2752, loss_ncl:0.0120, loss_adv:-0.8861, loss_diff:-0.2501, d_loss:0.4010, mu_distance:1.4132, lr:0.0000
2025-07-11 23:29:59 - INFO - Epoch 082 | loss_total:-0.8470, loss_info:0.2770, loss_ncl:0.0119, loss_adv:-0.8861, loss_diff:-0.2499, d_loss:0.4010, mu_distance:1.4136, lr:0.0000
2025-07-11 23:30:59 - INFO - Epoch 083 | loss_total:-0.8485, loss_info:0.2762, loss_ncl:0.0117, loss_adv:-0.8861, loss_diff:-0.2502, d_loss:0.4010, mu_distance:1.4133, lr:0.0000
2025-07-11 23:31:58 - INFO - Epoch 084 | loss_total:-0.8504, loss_info:0.2745, loss_ncl:0.0115, loss_adv:-0.8862, loss_diff:-0.2502, d_loss:0.4010, mu_distance:1.4132, lr:0.0000
2025-07-11 23:32:59 - INFO - Epoch 085 | loss_total:-0.8506, loss_info:0.2745, loss_ncl:0.0113, loss_adv:-0.8862, loss_diff:-0.2502, d_loss:0.4009, mu_distance:1.4136, lr:0.0000
2025-07-11 23:33:59 - INFO - Epoch 086 | loss_total:-0.8507, loss_info:0.2744, loss_ncl:0.0112, loss_adv:-0.8862, loss_diff:-0.2501, d_loss:0.4010, mu_distance:1.4136, lr:0.0000
2025-07-11 23:34:58 - INFO - Epoch 087 | loss_total:-0.8509, loss_info:0.2744, loss_ncl:0.0111, loss_adv:-0.8861, loss_diff:-0.2503, d_loss:0.4010, mu_distance:1.4134, lr:0.0000
2025-07-11 23:35:58 - INFO - Epoch 088 | loss_total:-0.8509, loss_info:0.2744, loss_ncl:0.0110, loss_adv:-0.8862, loss_diff:-0.2502, d_loss:0.4010, mu_distance:1.4133, lr:0.0000
2025-07-11 23:36:58 - INFO - Epoch 089 | loss_total:-0.8510, loss_info:0.2745, loss_ncl:0.0109, loss_adv:-0.8862, loss_diff:-0.2502, d_loss:0.4009, mu_distance:1.4138, lr:0.0000
2025-07-11 23:37:59 - INFO - Epoch 090 | loss_total:-0.8512, loss_info:0.2744, loss_ncl:0.0108, loss_adv:-0.8862, loss_diff:-0.2502, d_loss:0.4009, mu_distance:1.4135, lr:0.0000
2025-07-11 23:39:07 - INFO - Epoch 091 | loss_total:-0.8512, loss_info:0.2744, loss_ncl:0.0108, loss_adv:-0.8862, loss_diff:-0.2502, d_loss:0.4009, mu_distance:1.4136, lr:0.0000
2025-07-11 23:40:08 - INFO - Epoch 092 | loss_total:-0.8513, loss_info:0.2744, loss_ncl:0.0107, loss_adv:-0.8862, loss_diff:-0.2502, d_loss:0.4009, mu_distance:1.4138, lr:0.0000
2025-07-11 23:41:08 - INFO - Epoch 093 | loss_total:-0.8514, loss_info:0.2744, loss_ncl:0.0106, loss_adv:-0.8862, loss_diff:-0.2502, d_loss:0.4009, mu_distance:1.4135, lr:0.0000
2025-07-11 23:42:10 - INFO - Epoch 094 | loss_total:-0.8514, loss_info:0.2744, loss_ncl:0.0106, loss_adv:-0.8862, loss_diff:-0.2502, d_loss:0.4009, mu_distance:1.4134, lr:0.0000
2025-07-11 23:43:09 - INFO - Epoch 095 | loss_total:-0.8503, loss_info:0.2755, loss_ncl:0.0106, loss_adv:-0.8862, loss_diff:-0.2502, d_loss:0.4009, mu_distance:1.4136, lr:0.0000
2025-07-11 23:44:10 - INFO - Epoch 096 | loss_total:-0.8499, loss_info:0.2759, loss_ncl:0.0106, loss_adv:-0.8862, loss_diff:-0.2502, d_loss:0.4009, mu_distance:1.4128, lr:0.0000
2025-07-11 23:45:09 - INFO - Epoch 097 | loss_total:-0.8514, loss_info:0.2744, loss_ncl:0.0106, loss_adv:-0.8862, loss_diff:-0.2502, d_loss:0.4009, mu_distance:1.4138, lr:0.0000
2025-07-11 23:46:13 - INFO - Epoch 098 | loss_total:-0.8514, loss_info:0.2744, loss_ncl:0.0106, loss_adv:-0.8862, loss_diff:-0.2501, d_loss:0.4009, mu_distance:1.4138, lr:0.0000
2025-07-11 23:47:14 - INFO - Epoch 099 | loss_total:-0.8514, loss_info:0.2744, loss_ncl:0.0106, loss_adv:-0.8862, loss_diff:-0.2501, d_loss:0.4009, mu_distance:1.4136, lr:0.0000
2025-07-11 23:48:13 - INFO - Epoch 100 | loss_total:-0.8514, loss_info:0.2745, loss_ncl:0.0105, loss_adv:-0.8862, loss_diff:-0.2502, d_loss:0.4009, mu_distance:1.4137, lr:0.0000
2025-07-11 23:48:19 - INFO - Metrics saved → ./logs/feature_extraction_experiment_20250711_220727/metrics.json
2025-07-11 23:48:21 - INFO - Loss curves saved → ./logs/feature_extraction_experiment_20250711_220727/loss_curves.png
