2025-07-10 21:42:49 - INFO - Experiment dir: ./logs/feature_extraction_experiment_20250710_214249
2025-07-10 21:43:55 - INFO - Epoch 001 | loss_total:4.1547, loss_info:4.6404, loss_ncl:0.0464, loss_adv:-0.4559, loss_diff:-0.0761, d_loss:0.6419, mu_distance:0.3981, lr:0.0001
2025-07-10 21:44:53 - INFO - Epoch 002 | loss_total:1.9167, loss_info:2.5943, loss_ncl:0.0417, loss_adv:-0.5504, loss_diff:-0.1689, d_loss:0.5236, mu_distance:0.9191, lr:0.0001
2025-07-10 21:45:52 - INFO - Epoch 003 | loss_total:0.0378, loss_info:0.8071, loss_ncl:0.0385, loss_adv:-0.5998, loss_diff:-0.2080, d_loss:0.4636, mu_distance:1.1767, lr:0.0001
2025-07-10 21:46:56 - INFO - Epoch 004 | loss_total:-0.7692, loss_info:0.0500, loss_ncl:0.0353, loss_adv:-0.6358, loss_diff:-0.2187, d_loss:0.4262, mu_distance:1.2988, lr:0.0001
2025-07-10 21:47:54 - INFO - Epoch 005 | loss_total:-0.8047, loss_info:0.0231, loss_ncl:0.0338, loss_adv:-0.6461, loss_diff:-0.2155, d_loss:0.4168, mu_distance:1.3283, lr:0.0001
2025-07-10 21:48:55 - INFO - Epoch 006 | loss_total:-0.8151, loss_info:0.0153, loss_ncl:0.0330, loss_adv:-0.6511, loss_diff:-0.2123, d_loss:0.4125, mu_distance:1.3537, lr:0.0001
2025-07-10 21:49:54 - INFO - Epoch 007 | loss_total:-0.8194, loss_info:0.0131, loss_ncl:0.0322, loss_adv:-0.6543, loss_diff:-0.2104, d_loss:0.4097, mu_distance:1.3664, lr:0.0001
2025-07-10 21:50:52 - INFO - Epoch 008 | loss_total:-0.8180, loss_info:0.0145, loss_ncl:0.0317, loss_adv:-0.6568, loss_diff:-0.2074, d_loss:0.4075, mu_distance:1.3769, lr:0.0001
2025-07-10 21:51:52 - INFO - Epoch 009 | loss_total:-0.8192, loss_info:0.0136, loss_ncl:0.0312, loss_adv:-0.6583, loss_diff:-0.2058, d_loss:0.4062, mu_distance:1.3828, lr:0.0001
2025-07-10 21:52:54 - INFO - Epoch 010 | loss_total:-0.8195, loss_info:0.0126, loss_ncl:0.0308, loss_adv:-0.6590, loss_diff:-0.2038, d_loss:0.4059, mu_distance:1.3832, lr:0.0001
2025-07-10 21:54:00 - INFO - Epoch 011 | loss_total:4.4868, loss_info:4.9680, loss_ncl:0.0444, loss_adv:-0.4636, loss_diff:-0.0619, d_loss:0.6363, mu_distance:0.1072, lr:0.0001
2025-07-10 21:55:00 - INFO - Epoch 012 | loss_total:4.4134, loss_info:4.9129, loss_ncl:0.0419, loss_adv:-0.4622, loss_diff:-0.0793, d_loss:0.6366, mu_distance:0.4508, lr:0.0001
2025-07-10 21:56:00 - INFO - Epoch 013 | loss_total:3.7896, loss_info:4.3804, loss_ncl:0.0381, loss_adv:-0.4956, loss_diff:-0.1333, d_loss:0.5988, mu_distance:0.2941, lr:0.0001
2025-07-10 21:57:00 - INFO - Epoch 014 | loss_total:3.0952, loss_info:3.7559, loss_ncl:0.0374, loss_adv:-0.5252, loss_diff:-0.1729, d_loss:0.5613, mu_distance:0.8236, lr:0.0001
2025-07-10 21:58:02 - INFO - Epoch 015 | loss_total:2.1737, loss_info:2.8715, loss_ncl:0.0394, loss_adv:-0.5612, loss_diff:-0.1759, d_loss:0.5150, mu_distance:0.9599, lr:0.0001
2025-07-10 21:59:02 - INFO - Epoch 016 | loss_total:0.4107, loss_info:1.1761, loss_ncl:0.0375, loss_adv:-0.6064, loss_diff:-0.1964, d_loss:0.4604, mu_distance:1.1836, lr:0.0001
2025-07-10 22:00:09 - INFO - Epoch 017 | loss_total:-0.5091, loss_info:0.2968, loss_ncl:0.0355, loss_adv:-0.6392, loss_diff:-0.2022, d_loss:0.4250, mu_distance:1.3061, lr:0.0001
2025-07-10 22:01:09 - INFO - Epoch 018 | loss_total:-0.2672, loss_info:0.5309, loss_ncl:0.0349, loss_adv:-0.6306, loss_diff:-0.2024, d_loss:0.4354, mu_distance:1.3203, lr:0.0001
2025-07-10 22:02:09 - INFO - Epoch 019 | loss_total:-0.7931, loss_info:0.0319, loss_ncl:0.0325, loss_adv:-0.6531, loss_diff:-0.2044, d_loss:0.4112, mu_distance:1.3739, lr:0.0001
2025-07-10 22:03:10 - INFO - Epoch 020 | loss_total:-0.8064, loss_info:0.0221, loss_ncl:0.0313, loss_adv:-0.6572, loss_diff:-0.2026, d_loss:0.4076, mu_distance:1.3816, lr:0.0001
2025-07-10 22:04:18 - INFO - Epoch 021 | loss_total:-0.8126, loss_info:0.0181, loss_ncl:0.0305, loss_adv:-0.6595, loss_diff:-0.2017, d_loss:0.4054, mu_distance:1.3913, lr:0.0001
2025-07-10 22:05:17 - INFO - Epoch 022 | loss_total:-0.8204, loss_info:0.0131, loss_ncl:0.0294, loss_adv:-0.6607, loss_diff:-0.2023, d_loss:0.4043, mu_distance:1.3950, lr:0.0001
2025-07-10 22:06:16 - INFO - Epoch 023 | loss_total:-0.8181, loss_info:0.0165, loss_ncl:0.0285, loss_adv:-0.6613, loss_diff:-0.2018, d_loss:0.4038, mu_distance:1.3944, lr:0.0001
2025-07-10 22:07:15 - INFO - Epoch 024 | loss_total:-0.7305, loss_info:0.1006, loss_ncl:0.0281, loss_adv:-0.6598, loss_diff:-0.1994, d_loss:0.4058, mu_distance:1.3944, lr:0.0001
2025-07-10 22:08:14 - INFO - Epoch 025 | loss_total:-0.8154, loss_info:0.0191, loss_ncl:0.0271, loss_adv:-0.6610, loss_diff:-0.2006, d_loss:0.4042, mu_distance:1.4005, lr:0.0001
2025-07-10 22:09:14 - INFO - Epoch 026 | loss_total:0.5385, loss_info:1.3274, loss_ncl:0.0308, loss_adv:-0.6295, loss_diff:-0.1902, d_loss:0.4420, mu_distance:1.2390, lr:0.0001
2025-07-10 22:10:16 - INFO - Epoch 027 | loss_total:-0.3990, loss_info:0.4093, loss_ncl:0.0313, loss_adv:-0.6433, loss_diff:-0.1963, d_loss:0.4227, mu_distance:1.3467, lr:0.0001
2025-07-10 22:11:15 - INFO - Epoch 028 | loss_total:-0.6497, loss_info:0.1702, loss_ncl:0.0293, loss_adv:-0.6541, loss_diff:-0.1951, d_loss:0.4113, mu_distance:1.3641, lr:0.0001
2025-07-10 22:12:16 - INFO - Epoch 029 | loss_total:-0.7146, loss_info:0.1121, loss_ncl:0.0280, loss_adv:-0.6560, loss_diff:-0.1986, d_loss:0.4095, mu_distance:1.3784, lr:0.0001
2025-07-10 22:13:16 - INFO - Epoch 030 | loss_total:-0.8189, loss_info:0.0153, loss_ncl:0.0264, loss_adv:-0.6603, loss_diff:-0.2002, d_loss:0.4049, mu_distance:1.3980, lr:0.0001
2025-07-10 22:14:22 - INFO - Epoch 031 | loss_total:-0.8213, loss_info:0.0162, loss_ncl:0.0250, loss_adv:-0.6616, loss_diff:-0.2010, d_loss:0.4037, mu_distance:1.4001, lr:0.0001
2025-07-10 22:15:23 - INFO - Epoch 032 | loss_total:-0.8238, loss_info:0.0156, loss_ncl:0.0241, loss_adv:-0.6624, loss_diff:-0.2011, d_loss:0.4029, mu_distance:1.4045, lr:0.0001
2025-07-10 22:16:24 - INFO - Epoch 033 | loss_total:-0.8273, loss_info:0.0133, loss_ncl:0.0231, loss_adv:-0.6629, loss_diff:-0.2008, d_loss:0.4025, mu_distance:1.4067, lr:0.0001
2025-07-10 22:17:24 - INFO - Epoch 034 | loss_total:-0.8303, loss_info:0.0114, loss_ncl:0.0223, loss_adv:-0.6634, loss_diff:-0.2007, d_loss:0.4020, mu_distance:1.4078, lr:0.0001
2025-07-10 22:18:24 - INFO - Epoch 035 | loss_total:-0.8285, loss_info:0.0140, loss_ncl:0.0214, loss_adv:-0.6635, loss_diff:-0.2004, d_loss:0.4019, mu_distance:1.4084, lr:0.0001
2025-07-10 22:19:25 - INFO - Epoch 036 | loss_total:-0.8312, loss_info:0.0123, loss_ncl:0.0206, loss_adv:-0.6637, loss_diff:-0.2004, d_loss:0.4017, mu_distance:1.4093, lr:0.0001
2025-07-10 22:20:25 - INFO - Epoch 037 | loss_total:-0.8331, loss_info:0.0112, loss_ncl:0.0199, loss_adv:-0.6639, loss_diff:-0.2003, d_loss:0.4016, mu_distance:1.4094, lr:0.0001
2025-07-10 22:21:25 - INFO - Epoch 038 | loss_total:-0.8343, loss_info:0.0111, loss_ncl:0.0191, loss_adv:-0.6640, loss_diff:-0.2004, d_loss:0.4015, mu_distance:1.4105, lr:0.0001
2025-07-10 22:22:26 - INFO - Epoch 039 | loss_total:-0.8345, loss_info:0.0113, loss_ncl:0.0185, loss_adv:-0.6640, loss_diff:-0.2003, d_loss:0.4015, mu_distance:1.4112, lr:0.0001
2025-07-10 22:23:26 - INFO - Epoch 040 | loss_total:-0.8354, loss_info:0.0111, loss_ncl:0.0179, loss_adv:-0.6642, loss_diff:-0.2002, d_loss:0.4013, mu_distance:1.4110, lr:0.0001
2025-07-10 22:24:31 - INFO - Epoch 041 | loss_total:-0.8324, loss_info:0.0145, loss_ncl:0.0174, loss_adv:-0.6641, loss_diff:-0.2001, d_loss:0.4014, mu_distance:1.4116, lr:0.0001
2025-07-10 22:25:31 - INFO - Epoch 042 | loss_total:-0.8368, loss_info:0.0111, loss_ncl:0.0167, loss_adv:-0.6643, loss_diff:-0.2002, d_loss:0.4012, mu_distance:1.4122, lr:0.0001
2025-07-10 22:26:33 - INFO - Epoch 043 | loss_total:-0.8376, loss_info:0.0110, loss_ncl:0.0160, loss_adv:-0.6643, loss_diff:-0.2003, d_loss:0.4012, mu_distance:1.4122, lr:0.0001
2025-07-10 22:27:33 - INFO - Epoch 044 | loss_total:-0.8382, loss_info:0.0110, loss_ncl:0.0155, loss_adv:-0.6644, loss_diff:-0.2003, d_loss:0.4012, mu_distance:1.4124, lr:0.0001
2025-07-10 22:28:33 - INFO - Epoch 045 | loss_total:-0.8388, loss_info:0.0109, loss_ncl:0.0149, loss_adv:-0.6644, loss_diff:-0.2002, d_loss:0.4011, mu_distance:1.4126, lr:0.0001
2025-07-10 22:29:34 - INFO - Epoch 046 | loss_total:-0.8395, loss_info:0.0109, loss_ncl:0.0143, loss_adv:-0.6644, loss_diff:-0.2003, d_loss:0.4011, mu_distance:1.4127, lr:0.0001
2025-07-10 22:30:34 - INFO - Epoch 047 | loss_total:-0.8401, loss_info:0.0109, loss_ncl:0.0137, loss_adv:-0.6645, loss_diff:-0.2003, d_loss:0.4011, mu_distance:1.4127, lr:0.0001
2025-07-10 22:31:34 - INFO - Epoch 048 | loss_total:-0.8406, loss_info:0.0109, loss_ncl:0.0133, loss_adv:-0.6645, loss_diff:-0.2003, d_loss:0.4011, mu_distance:1.4128, lr:0.0001
2025-07-10 22:32:35 - INFO - Epoch 049 | loss_total:-0.8409, loss_info:0.0109, loss_ncl:0.0130, loss_adv:-0.6645, loss_diff:-0.2003, d_loss:0.4010, mu_distance:1.4130, lr:0.0001
2025-07-10 22:33:35 - INFO - Epoch 050 | loss_total:-0.8410, loss_info:0.0110, loss_ncl:0.0128, loss_adv:-0.6645, loss_diff:-0.2003, d_loss:0.4010, mu_distance:1.4131, lr:0.0001
2025-07-10 22:34:42 - INFO - Epoch 051 | loss_total:-0.8412, loss_info:0.0109, loss_ncl:0.0127, loss_adv:-0.6645, loss_diff:-0.2002, d_loss:0.4010, mu_distance:1.4132, lr:0.0000
2025-07-10 22:35:44 - INFO - Epoch 052 | loss_total:-0.1140, loss_info:0.7145, loss_ncl:0.0175, loss_adv:-0.6477, loss_diff:-0.1983, d_loss:0.4209, mu_distance:1.3384, lr:0.0000
2025-07-10 22:36:46 - INFO - Epoch 053 | loss_total:-0.5393, loss_info:0.2998, loss_ncl:0.0167, loss_adv:-0.6550, loss_diff:-0.2009, d_loss:0.4124, mu_distance:1.3625, lr:0.0000
2025-07-10 22:37:52 - INFO - Epoch 054 | loss_total:-0.8054, loss_info:0.0380, loss_ncl:0.0167, loss_adv:-0.6574, loss_diff:-0.2027, d_loss:0.4081, mu_distance:1.3858, lr:0.0000
2025-07-10 22:38:54 - INFO - Epoch 055 | loss_total:-0.8365, loss_info:0.0123, loss_ncl:0.0152, loss_adv:-0.6610, loss_diff:-0.2030, d_loss:0.4043, mu_distance:1.3990, lr:0.0000
2025-07-10 22:40:01 - INFO - Epoch 056 | loss_total:-0.8374, loss_info:0.0128, loss_ncl:0.0143, loss_adv:-0.6622, loss_diff:-0.2024, d_loss:0.4033, mu_distance:1.4016, lr:0.0000
2025-07-10 22:41:05 - INFO - Epoch 057 | loss_total:-0.8162, loss_info:0.0340, loss_ncl:0.0138, loss_adv:-0.6625, loss_diff:-0.2015, d_loss:0.4030, mu_distance:1.3869, lr:0.0000
2025-07-10 22:42:12 - INFO - Epoch 058 | loss_total:-0.7842, loss_info:0.0558, loss_ncl:0.0158, loss_adv:-0.6595, loss_diff:-0.1964, d_loss:0.4063, mu_distance:1.3997, lr:0.0000
2025-07-10 22:43:18 - INFO - Epoch 059 | loss_total:-0.7297, loss_info:0.1199, loss_ncl:0.0137, loss_adv:-0.6621, loss_diff:-0.2011, d_loss:0.4035, mu_distance:1.4034, lr:0.0000
2025-07-10 22:44:22 - INFO - Epoch 060 | loss_total:-0.8281, loss_info:0.0225, loss_ncl:0.0133, loss_adv:-0.6633, loss_diff:-0.2006, d_loss:0.4022, mu_distance:1.4083, lr:0.0000
2025-07-10 22:45:29 - INFO - Epoch 061 | loss_total:-0.8302, loss_info:0.0213, loss_ncl:0.0130, loss_adv:-0.6635, loss_diff:-0.2009, d_loss:0.4020, mu_distance:1.4085, lr:0.0000
2025-07-10 22:46:35 - INFO - Epoch 062 | loss_total:-0.8224, loss_info:0.0278, loss_ncl:0.0132, loss_adv:-0.6634, loss_diff:-0.2000, d_loss:0.4021, mu_distance:1.4032, lr:0.0000
2025-07-10 22:47:42 - INFO - Epoch 063 | loss_total:-0.8396, loss_info:0.0116, loss_ncl:0.0129, loss_adv:-0.6638, loss_diff:-0.2002, d_loss:0.4017, mu_distance:1.4094, lr:0.0000
2025-07-10 22:48:48 - INFO - Epoch 064 | loss_total:-0.8407, loss_info:0.0112, loss_ncl:0.0126, loss_adv:-0.6640, loss_diff:-0.2006, d_loss:0.4015, mu_distance:1.4110, lr:0.0000
2025-07-10 22:49:55 - INFO - Epoch 065 | loss_total:-0.8411, loss_info:0.0111, loss_ncl:0.0125, loss_adv:-0.6641, loss_diff:-0.2006, d_loss:0.4014, mu_distance:1.4107, lr:0.0000
2025-07-10 22:51:01 - INFO - Epoch 066 | loss_total:-0.8411, loss_info:0.0111, loss_ncl:0.0125, loss_adv:-0.6642, loss_diff:-0.2004, d_loss:0.4013, mu_distance:1.4109, lr:0.0000
2025-07-10 22:52:01 - INFO - Epoch 067 | loss_total:-0.8415, loss_info:0.0109, loss_ncl:0.0123, loss_adv:-0.6642, loss_diff:-0.2005, d_loss:0.4013, mu_distance:1.4111, lr:0.0000
2025-07-10 22:53:05 - INFO - Epoch 068 | loss_total:-0.8416, loss_info:0.0109, loss_ncl:0.0123, loss_adv:-0.6643, loss_diff:-0.2005, d_loss:0.4013, mu_distance:1.4121, lr:0.0000
2025-07-10 22:54:06 - INFO - Epoch 069 | loss_total:-0.8417, loss_info:0.0110, loss_ncl:0.0122, loss_adv:-0.6643, loss_diff:-0.2005, d_loss:0.4013, mu_distance:1.4125, lr:0.0000
2025-07-10 22:55:06 - INFO - Epoch 070 | loss_total:-0.8418, loss_info:0.0109, loss_ncl:0.0121, loss_adv:-0.6643, loss_diff:-0.2005, d_loss:0.4012, mu_distance:1.4121, lr:0.0000
2025-07-10 22:56:09 - INFO - Epoch 071 | loss_total:-0.8419, loss_info:0.0109, loss_ncl:0.0120, loss_adv:-0.6644, loss_diff:-0.2004, d_loss:0.4012, mu_distance:1.4124, lr:0.0000
2025-07-10 22:57:09 - INFO - Epoch 072 | loss_total:-0.8420, loss_info:0.0109, loss_ncl:0.0119, loss_adv:-0.6644, loss_diff:-0.2004, d_loss:0.4011, mu_distance:1.4122, lr:0.0000
2025-07-10 22:58:08 - INFO - Epoch 073 | loss_total:-0.8421, loss_info:0.0109, loss_ncl:0.0117, loss_adv:-0.6644, loss_diff:-0.2003, d_loss:0.4011, mu_distance:1.4126, lr:0.0000
2025-07-10 22:59:08 - INFO - Epoch 074 | loss_total:-0.8422, loss_info:0.0109, loss_ncl:0.0116, loss_adv:-0.6644, loss_diff:-0.2003, d_loss:0.4011, mu_distance:1.4124, lr:0.0000
2025-07-10 23:00:07 - INFO - Epoch 075 | loss_total:-0.8424, loss_info:0.0109, loss_ncl:0.0115, loss_adv:-0.6645, loss_diff:-0.2003, d_loss:0.4011, mu_distance:1.4128, lr:0.0000
2025-07-10 23:01:07 - INFO - Epoch 076 | loss_total:-0.8426, loss_info:0.0109, loss_ncl:0.0113, loss_adv:-0.6645, loss_diff:-0.2003, d_loss:0.4011, mu_distance:1.4131, lr:0.0000
2025-07-10 23:02:08 - INFO - Epoch 077 | loss_total:-0.8427, loss_info:0.0109, loss_ncl:0.0112, loss_adv:-0.6645, loss_diff:-0.2003, d_loss:0.4011, mu_distance:1.4128, lr:0.0000
2025-07-10 23:03:12 - INFO - Epoch 078 | loss_total:-0.8429, loss_info:0.0109, loss_ncl:0.0110, loss_adv:-0.6645, loss_diff:-0.2002, d_loss:0.4010, mu_distance:1.4131, lr:0.0000
2025-07-10 23:04:15 - INFO - Epoch 079 | loss_total:-0.8431, loss_info:0.0109, loss_ncl:0.0108, loss_adv:-0.6645, loss_diff:-0.2003, d_loss:0.4010, mu_distance:1.4129, lr:0.0000
2025-07-10 23:05:15 - INFO - Epoch 080 | loss_total:-0.8433, loss_info:0.0109, loss_ncl:0.0106, loss_adv:-0.6645, loss_diff:-0.2002, d_loss:0.4010, mu_distance:1.4132, lr:0.0000
2025-07-10 23:06:27 - INFO - Epoch 081 | loss_total:-0.8435, loss_info:0.0109, loss_ncl:0.0104, loss_adv:-0.6645, loss_diff:-0.2002, d_loss:0.4010, mu_distance:1.4132, lr:0.0000
2025-07-10 23:07:35 - INFO - Epoch 082 | loss_total:-0.8438, loss_info:0.0109, loss_ncl:0.0101, loss_adv:-0.6646, loss_diff:-0.2002, d_loss:0.4010, mu_distance:1.4133, lr:0.0000
2025-07-10 23:08:42 - INFO - Epoch 083 | loss_total:-0.8440, loss_info:0.0109, loss_ncl:0.0099, loss_adv:-0.6646, loss_diff:-0.2002, d_loss:0.4010, mu_distance:1.4131, lr:0.0000
2025-07-10 23:09:50 - INFO - Epoch 084 | loss_total:-0.8442, loss_info:0.0109, loss_ncl:0.0096, loss_adv:-0.6646, loss_diff:-0.2002, d_loss:0.4010, mu_distance:1.4134, lr:0.0000
2025-07-10 23:10:53 - INFO - Epoch 085 | loss_total:-0.8446, loss_info:0.0109, loss_ncl:0.0093, loss_adv:-0.6646, loss_diff:-0.2002, d_loss:0.4010, mu_distance:1.4132, lr:0.0000
2025-07-10 23:11:59 - INFO - Epoch 086 | loss_total:-0.8448, loss_info:0.0109, loss_ncl:0.0090, loss_adv:-0.6646, loss_diff:-0.2001, d_loss:0.4010, mu_distance:1.4134, lr:0.0000
2025-07-10 23:12:59 - INFO - Epoch 087 | loss_total:-0.8451, loss_info:0.0109, loss_ncl:0.0087, loss_adv:-0.6646, loss_diff:-0.2001, d_loss:0.4010, mu_distance:1.4130, lr:0.0000
2025-07-10 23:14:05 - INFO - Epoch 088 | loss_total:-0.8454, loss_info:0.0109, loss_ncl:0.0084, loss_adv:-0.6646, loss_diff:-0.2002, d_loss:0.4010, mu_distance:1.4134, lr:0.0000
2025-07-10 23:15:07 - INFO - Epoch 089 | loss_total:-0.8456, loss_info:0.0109, loss_ncl:0.0082, loss_adv:-0.6646, loss_diff:-0.2001, d_loss:0.4010, mu_distance:1.4132, lr:0.0000
2025-07-10 23:16:08 - INFO - Epoch 090 | loss_total:-0.8459, loss_info:0.0109, loss_ncl:0.0080, loss_adv:-0.6646, loss_diff:-0.2002, d_loss:0.4010, mu_distance:1.4134, lr:0.0000
2025-07-10 23:17:13 - INFO - Epoch 091 | loss_total:-0.8460, loss_info:0.0109, loss_ncl:0.0079, loss_adv:-0.6646, loss_diff:-0.2002, d_loss:0.4010, mu_distance:1.4136, lr:0.0000
2025-07-10 23:18:21 - INFO - Epoch 092 | loss_total:-0.8460, loss_info:0.0109, loss_ncl:0.0079, loss_adv:-0.6646, loss_diff:-0.2002, d_loss:0.4010, mu_distance:1.4129, lr:0.0000
2025-07-10 23:19:22 - INFO - Epoch 093 | loss_total:-0.8460, loss_info:0.0109, loss_ncl:0.0079, loss_adv:-0.6646, loss_diff:-0.2002, d_loss:0.4010, mu_distance:1.4135, lr:0.0000
2025-07-10 23:20:22 - INFO - Epoch 094 | loss_total:-0.8460, loss_info:0.0109, loss_ncl:0.0079, loss_adv:-0.6646, loss_diff:-0.2002, d_loss:0.4009, mu_distance:1.4136, lr:0.0000
2025-07-10 23:21:22 - INFO - Epoch 095 | loss_total:-0.8460, loss_info:0.0109, loss_ncl:0.0079, loss_adv:-0.6646, loss_diff:-0.2002, d_loss:0.4010, mu_distance:1.4136, lr:0.0000
2025-07-10 23:22:29 - INFO - Epoch 096 | loss_total:-0.8461, loss_info:0.0108, loss_ncl:0.0079, loss_adv:-0.6646, loss_diff:-0.2002, d_loss:0.4010, mu_distance:1.4135, lr:0.0000
2025-07-10 23:23:30 - INFO - Epoch 097 | loss_total:-0.8460, loss_info:0.0109, loss_ncl:0.0079, loss_adv:-0.6646, loss_diff:-0.2002, d_loss:0.4009, mu_distance:1.4135, lr:0.0000
2025-07-10 23:24:36 - INFO - Epoch 098 | loss_total:-0.8460, loss_info:0.0109, loss_ncl:0.0079, loss_adv:-0.6646, loss_diff:-0.2002, d_loss:0.4009, mu_distance:1.4136, lr:0.0000
2025-07-10 23:25:40 - INFO - Epoch 099 | loss_total:-0.8461, loss_info:0.0108, loss_ncl:0.0079, loss_adv:-0.6646, loss_diff:-0.2001, d_loss:0.4009, mu_distance:1.4135, lr:0.0000
2025-07-10 23:26:44 - INFO - Epoch 100 | loss_total:-0.8459, loss_info:0.0110, loss_ncl:0.0079, loss_adv:-0.6646, loss_diff:-0.2001, d_loss:0.4009, mu_distance:1.4136, lr:0.0000
2025-07-10 23:26:49 - INFO - Metrics saved → ./logs/feature_extraction_experiment_20250710_214249/metrics.json
2025-07-10 23:26:51 - INFO - Loss curves saved → ./logs/feature_extraction_experiment_20250710_214249/loss_curves.png
