2025-07-11 22:25:33 - INFO - Experiment dir: ./logs/feature_extraction_experiment_20250711_222533
2025-07-11 22:26:44 - INFO - Epoch 001 | loss_total:4.3587, loss_info:4.9090, loss_ncl:0.0371, loss_adv:-0.5126, loss_diff:-0.0749, d_loss:0.6612, mu_distance:0.3612, lr:0.0001
2025-07-11 22:27:45 - INFO - Epoch 002 | loss_total:2.2775, loss_info:3.0134, loss_ncl:0.0346, loss_adv:-0.6037, loss_diff:-0.1667, d_loss:0.5628, mu_distance:0.7939, lr:0.0001
2025-07-11 22:28:46 - INFO - Epoch 003 | loss_total:-0.2134, loss_info:0.6865, loss_ncl:0.0327, loss_adv:-0.6880, loss_diff:-0.2445, d_loss:0.4742, mu_distance:1.1681, lr:0.0001
2025-07-11 22:29:48 - INFO - Epoch 004 | loss_total:-0.9546, loss_info:0.0189, loss_ncl:0.0306, loss_adv:-0.7344, loss_diff:-0.2697, d_loss:0.4321, mu_distance:1.2588, lr:0.0001
2025-07-11 22:30:49 - INFO - Epoch 005 | loss_total:-0.8593, loss_info:0.1220, loss_ncl:0.0297, loss_adv:-0.7451, loss_diff:-0.2659, d_loss:0.4243, mu_distance:1.2242, lr:0.0001
2025-07-11 22:31:58 - INFO - Epoch 006 | loss_total:0.4903, loss_info:1.3796, loss_ncl:0.0323, loss_adv:-0.6763, loss_diff:-0.2452, d_loss:0.4882, mu_distance:1.1545, lr:0.0001
2025-07-11 22:32:59 - INFO - Epoch 007 | loss_total:-0.8518, loss_info:0.1116, loss_ncl:0.0305, loss_adv:-0.7348, loss_diff:-0.2590, d_loss:0.4326, mu_distance:1.2891, lr:0.0001
2025-07-11 22:33:59 - INFO - Epoch 008 | loss_total:-0.8799, loss_info:0.1050, loss_ncl:0.0293, loss_adv:-0.7513, loss_diff:-0.2629, d_loss:0.4193, mu_distance:1.2984, lr:0.0001
2025-07-11 22:34:59 - INFO - Epoch 009 | loss_total:0.1352, loss_info:1.0700, loss_ncl:0.0308, loss_adv:-0.7060, loss_diff:-0.2596, d_loss:0.4614, mu_distance:1.0831, lr:0.0001
2025-07-11 22:36:00 - INFO - Epoch 010 | loss_total:-0.9396, loss_info:0.0409, loss_ncl:0.0298, loss_adv:-0.7426, loss_diff:-0.2676, d_loss:0.4264, mu_distance:1.3030, lr:0.0001
2025-07-11 22:37:06 - INFO - Epoch 011 | loss_total:-0.9898, loss_info:0.0018, loss_ncl:0.0286, loss_adv:-0.7567, loss_diff:-0.2635, d_loss:0.4148, mu_distance:1.3435, lr:0.0001
2025-07-11 22:38:07 - INFO - Epoch 012 | loss_total:-0.9929, loss_info:0.0012, loss_ncl:0.0281, loss_adv:-0.7626, loss_diff:-0.2595, d_loss:0.4103, mu_distance:1.3635, lr:0.0001
2025-07-11 22:39:07 - INFO - Epoch 013 | loss_total:-0.9952, loss_info:0.0004, loss_ncl:0.0278, loss_adv:-0.7660, loss_diff:-0.2574, d_loss:0.4078, mu_distance:1.3766, lr:0.0001
2025-07-11 22:40:07 - INFO - Epoch 014 | loss_total:-0.9954, loss_info:0.0005, loss_ncl:0.0276, loss_adv:-0.7679, loss_diff:-0.2556, d_loss:0.4065, mu_distance:1.3838, lr:0.0001
2025-07-11 22:41:08 - INFO - Epoch 015 | loss_total:-0.9956, loss_info:0.0006, loss_ncl:0.0274, loss_adv:-0.7697, loss_diff:-0.2540, d_loss:0.4051, mu_distance:1.3907, lr:0.0001
2025-07-11 22:42:15 - INFO - Epoch 016 | loss_total:-0.9963, loss_info:0.0005, loss_ncl:0.0272, loss_adv:-0.7707, loss_diff:-0.2533, d_loss:0.4043, mu_distance:1.3944, lr:0.0001
2025-07-11 22:43:20 - INFO - Epoch 017 | loss_total:-0.9924, loss_info:0.0018, loss_ncl:0.0272, loss_adv:-0.7709, loss_diff:-0.2505, d_loss:0.4043, mu_distance:1.3937, lr:0.0001
2025-07-11 22:44:21 - INFO - Epoch 018 | loss_total:-0.9968, loss_info:0.0002, loss_ncl:0.0269, loss_adv:-0.7720, loss_diff:-0.2520, d_loss:0.4034, mu_distance:1.4002, lr:0.0001
2025-07-11 22:45:21 - INFO - Epoch 019 | loss_total:-0.9977, loss_info:0.0002, loss_ncl:0.0267, loss_adv:-0.7726, loss_diff:-0.2520, d_loss:0.4030, mu_distance:1.4024, lr:0.0001
2025-07-11 22:46:23 - INFO - Epoch 020 | loss_total:-0.9980, loss_info:0.0002, loss_ncl:0.0265, loss_adv:-0.7730, loss_diff:-0.2517, d_loss:0.4027, mu_distance:1.4038, lr:0.0001
2025-07-11 22:47:29 - INFO - Epoch 021 | loss_total:2.8976, loss_info:3.6553, loss_ncl:0.0310, loss_adv:-0.6023, loss_diff:-0.1863, d_loss:0.5757, mu_distance:0.0734, lr:0.0001
2025-07-11 22:48:29 - INFO - Epoch 022 | loss_total:4.8545, loss_info:5.4018, loss_ncl:0.0320, loss_adv:-0.4989, loss_diff:-0.0804, d_loss:0.6787, mu_distance:0.0659, lr:0.0001
2025-07-11 22:49:29 - INFO - Epoch 023 | loss_total:4.8244, loss_info:5.4198, loss_ncl:0.0265, loss_adv:-0.4974, loss_diff:-0.1245, d_loss:0.6809, mu_distance:0.1371, lr:0.0001
2025-07-11 22:50:30 - INFO - Epoch 024 | loss_total:4.8298, loss_info:5.4761, loss_ncl:0.0268, loss_adv:-0.4971, loss_diff:-0.1760, d_loss:0.6829, mu_distance:0.0312, lr:0.0001
2025-07-11 22:51:36 - INFO - Epoch 025 | loss_total:4.7529, loss_info:5.4623, loss_ncl:0.0271, loss_adv:-0.4961, loss_diff:-0.2404, d_loss:0.6837, mu_distance:0.0653, lr:0.0001
2025-07-11 22:52:41 - INFO - Epoch 026 | loss_total:4.9510, loss_info:5.5489, loss_ncl:0.0276, loss_adv:-0.4874, loss_diff:-0.1380, d_loss:0.6915, mu_distance:0.0068, lr:0.0001
2025-07-11 22:53:42 - INFO - Epoch 027 | loss_total:4.9955, loss_info:5.4973, loss_ncl:0.0273, loss_adv:-0.4865, loss_diff:-0.0426, d_loss:0.6916, mu_distance:0.0225, lr:0.0001
2025-07-11 22:54:42 - INFO - Epoch 028 | loss_total:4.9669, loss_info:5.5181, loss_ncl:0.0266, loss_adv:-0.4890, loss_diff:-0.0888, d_loss:0.6896, mu_distance:0.0172, lr:0.0001
2025-07-11 22:55:43 - INFO - Epoch 029 | loss_total:4.9972, loss_info:5.4839, loss_ncl:0.0267, loss_adv:-0.4884, loss_diff:-0.0250, d_loss:0.6894, mu_distance:0.0179, lr:0.0001
2025-07-11 22:56:42 - INFO - Epoch 030 | loss_total:4.9798, loss_info:5.4908, loss_ncl:0.0281, loss_adv:-0.4934, loss_diff:-0.0457, d_loss:0.6843, mu_distance:0.0192, lr:0.0001
2025-07-11 22:57:48 - INFO - Epoch 031 | loss_total:5.0312, loss_info:5.5132, loss_ncl:0.0301, loss_adv:-0.4852, loss_diff:-0.0270, d_loss:0.6932, mu_distance:0.0115, lr:0.0001
2025-07-11 22:58:50 - INFO - Epoch 032 | loss_total:4.8997, loss_info:5.3979, loss_ncl:0.0287, loss_adv:-0.4948, loss_diff:-0.0321, d_loss:0.6828, mu_distance:0.1988, lr:0.0001
2025-07-11 22:59:50 - INFO - Epoch 033 | loss_total:4.8805, loss_info:5.4633, loss_ncl:0.0266, loss_adv:-0.4953, loss_diff:-0.1141, d_loss:0.6838, mu_distance:0.0081, lr:0.0001
2025-07-11 23:00:51 - INFO - Epoch 034 | loss_total:4.9782, loss_info:5.4832, loss_ncl:0.0294, loss_adv:-0.4854, loss_diff:-0.0489, d_loss:0.6929, mu_distance:0.0485, lr:0.0001
2025-07-11 23:01:56 - INFO - Epoch 035 | loss_total:4.8710, loss_info:5.4283, loss_ncl:0.0313, loss_adv:-0.4859, loss_diff:-0.1027, d_loss:0.6925, mu_distance:0.0658, lr:0.0001
2025-07-11 23:03:01 - INFO - Epoch 036 | loss_total:4.8228, loss_info:5.3933, loss_ncl:0.0300, loss_adv:-0.4950, loss_diff:-0.1055, d_loss:0.6819, mu_distance:0.0229, lr:0.0001
2025-07-11 23:04:01 - INFO - Epoch 037 | loss_total:4.9694, loss_info:5.4477, loss_ncl:0.0285, loss_adv:-0.4922, loss_diff:-0.0147, d_loss:0.6843, mu_distance:0.1606, lr:0.0001
2025-07-11 23:05:00 - INFO - Epoch 038 | loss_total:4.7770, loss_info:5.3891, loss_ncl:0.0280, loss_adv:-0.4990, loss_diff:-0.1412, d_loss:0.6792, mu_distance:0.0128, lr:0.0001
2025-07-11 23:05:59 - INFO - Epoch 039 | loss_total:4.8082, loss_info:5.4292, loss_ncl:0.0283, loss_adv:-0.4861, loss_diff:-0.1631, d_loss:0.6923, mu_distance:0.0787, lr:0.0001
2025-07-11 23:06:59 - INFO - Epoch 040 | loss_total:4.7332, loss_info:5.3892, loss_ncl:0.0309, loss_adv:-0.4953, loss_diff:-0.1917, d_loss:0.6821, mu_distance:0.1334, lr:0.0001
2025-07-11 23:08:04 - INFO - Epoch 041 | loss_total:4.5521, loss_info:5.2699, loss_ncl:0.0289, loss_adv:-0.5093, loss_diff:-0.2374, d_loss:0.6685, mu_distance:0.2440, lr:0.0001
2025-07-11 23:09:03 - INFO - Epoch 042 | loss_total:4.8304, loss_info:5.4467, loss_ncl:0.0276, loss_adv:-0.4945, loss_diff:-0.1495, d_loss:0.6845, mu_distance:0.0092, lr:0.0001
2025-07-11 23:10:04 - INFO - Epoch 043 | loss_total:5.0415, loss_info:5.5042, loss_ncl:0.0259, loss_adv:-0.4859, loss_diff:-0.0028, d_loss:0.6922, mu_distance:0.0292, lr:0.0001
2025-07-11 23:11:01 - INFO - Epoch 044 | loss_total:4.9527, loss_info:5.4606, loss_ncl:0.0306, loss_adv:-0.4896, loss_diff:-0.0489, d_loss:0.6886, mu_distance:0.0447, lr:0.0001
2025-07-11 23:12:01 - INFO - Epoch 045 | loss_total:4.7810, loss_info:5.3293, loss_ncl:0.0313, loss_adv:-0.4984, loss_diff:-0.0813, d_loss:0.6782, mu_distance:0.2208, lr:0.0001
2025-07-11 23:13:06 - INFO - Epoch 046 | loss_total:4.8526, loss_info:5.4516, loss_ncl:0.0288, loss_adv:-0.4947, loss_diff:-0.1331, d_loss:0.6829, mu_distance:0.1013, lr:0.0001
2025-07-11 23:14:06 - INFO - Epoch 047 | loss_total:4.4512, loss_info:5.1637, loss_ncl:0.0307, loss_adv:-0.5261, loss_diff:-0.2171, d_loss:0.6550, mu_distance:0.3123, lr:0.0001
2025-07-11 23:15:05 - INFO - Epoch 048 | loss_total:4.3878, loss_info:5.1679, loss_ncl:0.0292, loss_adv:-0.5338, loss_diff:-0.2756, d_loss:0.6504, mu_distance:0.2323, lr:0.0001
2025-07-11 23:16:04 - INFO - Epoch 049 | loss_total:4.2129, loss_info:4.9917, loss_ncl:0.0278, loss_adv:-0.5524, loss_diff:-0.2542, d_loss:0.6289, mu_distance:0.3234, lr:0.0001
2025-07-11 23:17:04 - INFO - Epoch 050 | loss_total:3.9761, loss_info:4.7617, loss_ncl:0.0255, loss_adv:-0.5663, loss_diff:-0.2447, d_loss:0.6148, mu_distance:0.5753, lr:0.0001
2025-07-11 23:18:09 - INFO - Epoch 051 | loss_total:3.9042, loss_info:4.6881, loss_ncl:0.0242, loss_adv:-0.5834, loss_diff:-0.2247, d_loss:0.5978, mu_distance:0.6277, lr:0.0001
2025-07-11 23:19:07 - INFO - Epoch 052 | loss_total:3.4646, loss_info:4.2609, loss_ncl:0.0255, loss_adv:-0.6080, loss_diff:-0.2137, d_loss:0.5703, mu_distance:0.6260, lr:0.0001
2025-07-11 23:20:06 - INFO - Epoch 053 | loss_total:3.1020, loss_info:3.9528, loss_ncl:0.0243, loss_adv:-0.6440, loss_diff:-0.2310, d_loss:0.5366, mu_distance:0.7814, lr:0.0001
2025-07-11 23:21:08 - INFO - Epoch 054 | loss_total:2.7542, loss_info:3.6167, loss_ncl:0.0247, loss_adv:-0.6637, loss_diff:-0.2235, d_loss:0.5176, mu_distance:0.8533, lr:0.0001
2025-07-11 23:22:08 - INFO - Epoch 055 | loss_total:2.7061, loss_info:3.5361, loss_ncl:0.0261, loss_adv:-0.6609, loss_diff:-0.1953, d_loss:0.5161, mu_distance:1.0309, lr:0.0001
2025-07-11 23:23:12 - INFO - Epoch 056 | loss_total:2.1401, loss_info:3.0482, loss_ncl:0.0237, loss_adv:-0.7007, loss_diff:-0.2312, d_loss:0.4806, mu_distance:1.0538, lr:0.0001
2025-07-11 23:24:10 - INFO - Epoch 057 | loss_total:1.0376, loss_info:1.9559, loss_ncl:0.0243, loss_adv:-0.7202, loss_diff:-0.2224, d_loss:0.4531, mu_distance:1.1550, lr:0.0001
2025-07-11 23:25:09 - INFO - Epoch 058 | loss_total:0.4561, loss_info:1.3841, loss_ncl:0.0243, loss_adv:-0.7285, loss_diff:-0.2239, d_loss:0.4445, mu_distance:1.2595, lr:0.0001
2025-07-11 23:26:08 - INFO - Epoch 059 | loss_total:-0.0101, loss_info:0.9496, loss_ncl:0.0237, loss_adv:-0.7500, loss_diff:-0.2333, d_loss:0.4251, mu_distance:1.2924, lr:0.0001
2025-07-11 23:27:07 - INFO - Epoch 060 | loss_total:-0.5260, loss_info:0.4344, loss_ncl:0.0230, loss_adv:-0.7485, loss_diff:-0.2349, d_loss:0.4254, mu_distance:1.2664, lr:0.0001
2025-07-11 23:28:12 - INFO - Epoch 061 | loss_total:-0.6397, loss_info:0.3360, loss_ncl:0.0222, loss_adv:-0.7519, loss_diff:-0.2461, d_loss:0.4215, mu_distance:1.3236, lr:0.0001
2025-07-11 23:29:11 - INFO - Epoch 062 | loss_total:-0.6763, loss_info:0.2996, loss_ncl:0.0227, loss_adv:-0.7590, loss_diff:-0.2396, d_loss:0.4157, mu_distance:1.3379, lr:0.0001
2025-07-11 23:30:10 - INFO - Epoch 063 | loss_total:-0.7065, loss_info:0.2708, loss_ncl:0.0227, loss_adv:-0.7596, loss_diff:-0.2405, d_loss:0.4153, mu_distance:1.3515, lr:0.0001
2025-07-11 23:31:09 - INFO - Epoch 064 | loss_total:-0.8578, loss_info:0.1265, loss_ncl:0.0221, loss_adv:-0.7658, loss_diff:-0.2406, d_loss:0.4093, mu_distance:1.3785, lr:0.0001
2025-07-11 23:32:08 - INFO - Epoch 065 | loss_total:-0.4742, loss_info:0.5050, loss_ncl:0.0223, loss_adv:-0.7581, loss_diff:-0.2434, d_loss:0.4179, mu_distance:1.3566, lr:0.0001
2025-07-11 23:33:13 - INFO - Epoch 066 | loss_total:-0.8374, loss_info:0.1450, loss_ncl:0.0227, loss_adv:-0.7658, loss_diff:-0.2393, d_loss:0.4095, mu_distance:1.3743, lr:0.0001
2025-07-11 23:34:11 - INFO - Epoch 067 | loss_total:-0.7140, loss_info:0.2674, loss_ncl:0.0228, loss_adv:-0.7601, loss_diff:-0.2442, d_loss:0.4152, mu_distance:1.3529, lr:0.0001
2025-07-11 23:35:10 - INFO - Epoch 068 | loss_total:-0.6572, loss_info:0.3222, loss_ncl:0.0231, loss_adv:-0.7630, loss_diff:-0.2394, d_loss:0.4123, mu_distance:1.3707, lr:0.0001
2025-07-11 23:36:11 - INFO - Epoch 069 | loss_total:-0.9512, loss_info:0.0343, loss_ncl:0.0225, loss_adv:-0.7676, loss_diff:-0.2403, d_loss:0.4076, mu_distance:1.3788, lr:0.0001
2025-07-11 23:37:11 - INFO - Epoch 070 | loss_total:-0.8755, loss_info:0.1159, loss_ncl:0.0218, loss_adv:-0.7683, loss_diff:-0.2449, d_loss:0.4070, mu_distance:1.3827, lr:0.0001
2025-07-11 23:38:14 - INFO - Epoch 071 | loss_total:-0.7953, loss_info:0.1944, loss_ncl:0.0215, loss_adv:-0.7675, loss_diff:-0.2437, d_loss:0.4082, mu_distance:1.3674, lr:0.0001
2025-07-11 23:39:12 - INFO - Epoch 072 | loss_total:-0.9036, loss_info:0.0895, loss_ncl:0.0213, loss_adv:-0.7678, loss_diff:-0.2467, d_loss:0.4077, mu_distance:1.3890, lr:0.0001
2025-07-11 23:40:11 - INFO - Epoch 073 | loss_total:-0.4835, loss_info:0.4971, loss_ncl:0.0219, loss_adv:-0.7620, loss_diff:-0.2405, d_loss:0.4136, mu_distance:1.3234, lr:0.0001
2025-07-11 23:41:10 - INFO - Epoch 074 | loss_total:-0.9284, loss_info:0.0637, loss_ncl:0.0213, loss_adv:-0.7592, loss_diff:-0.2542, d_loss:0.4153, mu_distance:1.3695, lr:0.0001
2025-07-11 23:42:09 - INFO - Epoch 075 | loss_total:-0.8830, loss_info:0.1093, loss_ncl:0.0210, loss_adv:-0.7658, loss_diff:-0.2476, d_loss:0.4093, mu_distance:1.3864, lr:0.0001
2025-07-11 23:43:13 - INFO - Epoch 076 | loss_total:-0.9504, loss_info:0.0414, loss_ncl:0.0208, loss_adv:-0.7693, loss_diff:-0.2433, d_loss:0.4060, mu_distance:1.3876, lr:0.0000
2025-07-11 23:44:12 - INFO - Epoch 077 | loss_total:-0.8654, loss_info:0.1303, loss_ncl:0.0204, loss_adv:-0.7699, loss_diff:-0.2463, d_loss:0.4057, mu_distance:1.3918, lr:0.0000
2025-07-11 23:45:11 - INFO - Epoch 078 | loss_total:-0.9639, loss_info:0.0357, loss_ncl:0.0198, loss_adv:-0.7713, loss_diff:-0.2481, d_loss:0.4044, mu_distance:1.3985, lr:0.0000
2025-07-11 23:46:13 - INFO - Epoch 079 | loss_total:-0.7995, loss_info:0.1971, loss_ncl:0.0197, loss_adv:-0.7661, loss_diff:-0.2502, d_loss:0.4095, mu_distance:1.3128, lr:0.0000
2025-07-11 23:47:18 - INFO - Epoch 080 | loss_total:-0.8387, loss_info:0.1576, loss_ncl:0.0198, loss_adv:-0.7629, loss_diff:-0.2531, d_loss:0.4120, mu_distance:1.3729, lr:0.0000
2025-07-11 23:48:22 - INFO - Epoch 081 | loss_total:-0.9971, loss_info:0.0019, loss_ncl:0.0191, loss_adv:-0.7699, loss_diff:-0.2481, d_loss:0.4055, mu_distance:1.3917, lr:0.0000
2025-07-11 23:49:21 - INFO - Epoch 082 | loss_total:-0.9203, loss_info:0.0794, loss_ncl:0.0187, loss_adv:-0.7692, loss_diff:-0.2491, d_loss:0.4064, mu_distance:1.3852, lr:0.0000
2025-07-11 23:50:20 - INFO - Epoch 083 | loss_total:-0.9970, loss_info:0.0024, loss_ncl:0.0183, loss_adv:-0.7712, loss_diff:-0.2465, d_loss:0.4045, mu_distance:1.3989, lr:0.0000
2025-07-11 23:51:19 - INFO - Epoch 084 | loss_total:-1.0022, loss_info:0.0008, loss_ncl:0.0177, loss_adv:-0.7724, loss_diff:-0.2483, d_loss:0.4035, mu_distance:1.4019, lr:0.0000
2025-07-11 23:52:19 - INFO - Epoch 085 | loss_total:-0.9723, loss_info:0.0318, loss_ncl:0.0173, loss_adv:-0.7724, loss_diff:-0.2490, d_loss:0.4037, mu_distance:1.3853, lr:0.0000
2025-07-11 23:53:23 - INFO - Epoch 086 | loss_total:-0.6659, loss_info:0.3199, loss_ncl:0.0187, loss_adv:-0.7656, loss_diff:-0.2389, d_loss:0.4106, mu_distance:1.3937, lr:0.0000
2025-07-11 23:54:21 - INFO - Epoch 087 | loss_total:-0.9937, loss_info:0.0061, loss_ncl:0.0178, loss_adv:-0.7721, loss_diff:-0.2455, d_loss:0.4038, mu_distance:1.4010, lr:0.0000
2025-07-11 23:55:19 - INFO - Epoch 088 | loss_total:-0.7754, loss_info:0.2196, loss_ncl:0.0178, loss_adv:-0.7676, loss_diff:-0.2453, d_loss:0.4085, mu_distance:1.3760, lr:0.0000
2025-07-11 23:56:16 - INFO - Epoch 089 | loss_total:-0.9562, loss_info:0.0409, loss_ncl:0.0177, loss_adv:-0.7714, loss_diff:-0.2433, d_loss:0.4043, mu_distance:1.3995, lr:0.0000
2025-07-11 23:57:15 - INFO - Epoch 090 | loss_total:-0.9508, loss_info:0.0535, loss_ncl:0.0169, loss_adv:-0.7729, loss_diff:-0.2483, d_loss:0.4032, mu_distance:1.4022, lr:0.0000
2025-07-11 23:58:18 - INFO - Epoch 091 | loss_total:-0.9904, loss_info:0.0110, loss_ncl:0.0170, loss_adv:-0.7727, loss_diff:-0.2457, d_loss:0.4033, mu_distance:1.4008, lr:0.0000
2025-07-11 23:59:20 - INFO - Epoch 092 | loss_total:-0.9963, loss_info:0.0066, loss_ncl:0.0167, loss_adv:-0.7735, loss_diff:-0.2460, d_loss:0.4025, mu_distance:1.4058, lr:0.0000
2025-07-12 00:00:23 - INFO - Epoch 093 | loss_total:-1.0017, loss_info:0.0029, loss_ncl:0.0164, loss_adv:-0.7739, loss_diff:-0.2471, d_loss:0.4022, mu_distance:1.4075, lr:0.0000
2025-07-12 00:01:25 - INFO - Epoch 094 | loss_total:-1.0055, loss_info:0.0004, loss_ncl:0.0162, loss_adv:-0.7742, loss_diff:-0.2479, d_loss:0.4019, mu_distance:1.4099, lr:0.0000
2025-07-12 00:02:23 - INFO - Epoch 095 | loss_total:-1.0061, loss_info:0.0015, loss_ncl:0.0160, loss_adv:-0.7745, loss_diff:-0.2491, d_loss:0.4017, mu_distance:1.4087, lr:0.0000
2025-07-12 00:03:31 - INFO - Epoch 096 | loss_total:-1.0062, loss_info:0.0008, loss_ncl:0.0159, loss_adv:-0.7745, loss_diff:-0.2484, d_loss:0.4018, mu_distance:1.4101, lr:0.0000
2025-07-12 00:04:33 - INFO - Epoch 097 | loss_total:-1.0084, loss_info:0.0002, loss_ncl:0.0157, loss_adv:-0.7747, loss_diff:-0.2495, d_loss:0.4016, mu_distance:1.4101, lr:0.0000
2025-07-12 00:05:35 - INFO - Epoch 098 | loss_total:-1.0062, loss_info:0.0023, loss_ncl:0.0155, loss_adv:-0.7747, loss_diff:-0.2493, d_loss:0.4015, mu_distance:1.4095, lr:0.0000
2025-07-12 00:06:38 - INFO - Epoch 099 | loss_total:-1.0072, loss_info:0.0009, loss_ncl:0.0154, loss_adv:-0.7747, loss_diff:-0.2488, d_loss:0.4016, mu_distance:1.4119, lr:0.0000
2025-07-12 00:07:41 - INFO - Epoch 100 | loss_total:-0.5527, loss_info:0.4418, loss_ncl:0.0175, loss_adv:-0.7660, loss_diff:-0.2460, d_loss:0.4106, mu_distance:1.3879, lr:0.0000
2025-07-12 00:08:49 - INFO - Epoch 101 | loss_total:-0.9888, loss_info:0.0111, loss_ncl:0.0164, loss_adv:-0.7716, loss_diff:-0.2447, d_loss:0.4042, mu_distance:1.3979, lr:0.0000
2025-07-12 00:09:51 - INFO - Epoch 102 | loss_total:-1.0006, loss_info:0.0031, loss_ncl:0.0158, loss_adv:-0.7725, loss_diff:-0.2469, d_loss:0.4034, mu_distance:1.4013, lr:0.0000
2025-07-12 00:10:53 - INFO - Epoch 103 | loss_total:-1.0010, loss_info:0.0053, loss_ncl:0.0154, loss_adv:-0.7731, loss_diff:-0.2486, d_loss:0.4030, mu_distance:1.4017, lr:0.0000
2025-07-12 00:11:55 - INFO - Epoch 104 | loss_total:-1.0060, loss_info:0.0017, loss_ncl:0.0151, loss_adv:-0.7736, loss_diff:-0.2493, d_loss:0.4026, mu_distance:1.4065, lr:0.0000
2025-07-12 00:12:58 - INFO - Epoch 105 | loss_total:-1.0055, loss_info:0.0016, loss_ncl:0.0150, loss_adv:-0.7736, loss_diff:-0.2485, d_loss:0.4025, mu_distance:1.4069, lr:0.0000
2025-07-12 00:14:05 - INFO - Epoch 106 | loss_total:-0.9902, loss_info:0.0182, loss_ncl:0.0148, loss_adv:-0.7734, loss_diff:-0.2498, d_loss:0.4027, mu_distance:1.4027, lr:0.0000
2025-07-12 00:15:08 - INFO - Epoch 107 | loss_total:-0.9883, loss_info:0.0202, loss_ncl:0.0147, loss_adv:-0.7733, loss_diff:-0.2499, d_loss:0.4028, mu_distance:1.4004, lr:0.0000
2025-07-12 00:16:10 - INFO - Epoch 108 | loss_total:-0.9400, loss_info:0.0653, loss_ncl:0.0151, loss_adv:-0.7714, loss_diff:-0.2490, d_loss:0.4048, mu_distance:1.3973, lr:0.0000
2025-07-12 00:17:12 - INFO - Epoch 109 | loss_total:-0.9943, loss_info:0.0117, loss_ncl:0.0149, loss_adv:-0.7728, loss_diff:-0.2480, d_loss:0.4033, mu_distance:1.4043, lr:0.0000
2025-07-12 00:18:14 - INFO - Epoch 110 | loss_total:-1.0054, loss_info:0.0018, loss_ncl:0.0146, loss_adv:-0.7735, loss_diff:-0.2483, d_loss:0.4026, mu_distance:1.4049, lr:0.0000
2025-07-12 00:19:21 - INFO - Epoch 111 | loss_total:-1.0065, loss_info:0.0021, loss_ncl:0.0143, loss_adv:-0.7736, loss_diff:-0.2494, d_loss:0.4027, mu_distance:1.4054, lr:0.0000
2025-07-12 00:20:24 - INFO - Epoch 112 | loss_total:-1.0092, loss_info:0.0005, loss_ncl:0.0142, loss_adv:-0.7740, loss_diff:-0.2499, d_loss:0.4022, mu_distance:1.4073, lr:0.0000
2025-07-12 00:21:27 - INFO - Epoch 113 | loss_total:-1.0025, loss_info:0.0076, loss_ncl:0.0141, loss_adv:-0.7737, loss_diff:-0.2505, d_loss:0.4026, mu_distance:1.4079, lr:0.0000
2025-07-12 00:22:29 - INFO - Epoch 114 | loss_total:-1.0079, loss_info:0.0022, loss_ncl:0.0141, loss_adv:-0.7743, loss_diff:-0.2500, d_loss:0.4020, mu_distance:1.4090, lr:0.0000
2025-07-12 00:23:32 - INFO - Epoch 115 | loss_total:-1.0086, loss_info:0.0011, loss_ncl:0.0141, loss_adv:-0.7741, loss_diff:-0.2497, d_loss:0.4022, mu_distance:1.4054, lr:0.0000
2025-07-12 00:24:39 - INFO - Epoch 116 | loss_total:-1.0080, loss_info:0.0020, loss_ncl:0.0141, loss_adv:-0.7743, loss_diff:-0.2498, d_loss:0.4021, mu_distance:1.4091, lr:0.0000
2025-07-12 00:25:42 - INFO - Epoch 117 | loss_total:-1.0094, loss_info:0.0008, loss_ncl:0.0140, loss_adv:-0.7746, loss_diff:-0.2495, d_loss:0.4017, mu_distance:1.4103, lr:0.0000
2025-07-12 00:26:46 - INFO - Epoch 118 | loss_total:-0.9777, loss_info:0.0315, loss_ncl:0.0141, loss_adv:-0.7735, loss_diff:-0.2499, d_loss:0.4028, mu_distance:1.4063, lr:0.0000
2025-07-12 00:27:49 - INFO - Epoch 119 | loss_total:-1.0086, loss_info:0.0012, loss_ncl:0.0141, loss_adv:-0.7739, loss_diff:-0.2499, d_loss:0.4023, mu_distance:1.4062, lr:0.0000
2025-07-12 00:28:52 - INFO - Epoch 120 | loss_total:-1.0092, loss_info:0.0013, loss_ncl:0.0140, loss_adv:-0.7741, loss_diff:-0.2505, d_loss:0.4023, mu_distance:1.4079, lr:0.0000
2025-07-12 00:30:00 - INFO - Epoch 121 | loss_total:-1.0093, loss_info:0.0004, loss_ncl:0.0140, loss_adv:-0.7741, loss_diff:-0.2496, d_loss:0.4023, mu_distance:1.4101, lr:0.0000
2025-07-12 00:31:02 - INFO - Epoch 122 | loss_total:-1.0103, loss_info:0.0003, loss_ncl:0.0139, loss_adv:-0.7745, loss_diff:-0.2500, d_loss:0.4018, mu_distance:1.4105, lr:0.0000
2025-07-12 00:32:05 - INFO - Epoch 123 | loss_total:-1.0102, loss_info:0.0004, loss_ncl:0.0139, loss_adv:-0.7746, loss_diff:-0.2499, d_loss:0.4017, mu_distance:1.4093, lr:0.0000
2025-07-12 00:33:07 - INFO - Epoch 124 | loss_total:-0.9800, loss_info:0.0307, loss_ncl:0.0138, loss_adv:-0.7746, loss_diff:-0.2500, d_loss:0.4017, mu_distance:1.4085, lr:0.0000
2025-07-12 00:34:10 - INFO - Epoch 125 | loss_total:-1.0099, loss_info:0.0007, loss_ncl:0.0138, loss_adv:-0.7746, loss_diff:-0.2498, d_loss:0.4017, mu_distance:1.4110, lr:0.0000
2025-07-12 00:35:17 - INFO - Epoch 126 | loss_total:-1.0050, loss_info:0.0047, loss_ncl:0.0138, loss_adv:-0.7746, loss_diff:-0.2489, d_loss:0.4017, mu_distance:1.4110, lr:0.0000
2025-07-12 00:36:19 - INFO - Epoch 127 | loss_total:-1.0103, loss_info:0.0003, loss_ncl:0.0137, loss_adv:-0.7748, loss_diff:-0.2494, d_loss:0.4015, mu_distance:1.4112, lr:0.0000
2025-07-12 00:37:22 - INFO - Epoch 128 | loss_total:-1.0106, loss_info:0.0003, loss_ncl:0.0136, loss_adv:-0.7747, loss_diff:-0.2498, d_loss:0.4016, mu_distance:1.4108, lr:0.0000
2025-07-12 00:38:25 - INFO - Epoch 129 | loss_total:-1.0109, loss_info:0.0002, loss_ncl:0.0135, loss_adv:-0.7747, loss_diff:-0.2499, d_loss:0.4016, mu_distance:1.4107, lr:0.0000
2025-07-12 00:39:27 - INFO - Epoch 130 | loss_total:-1.0096, loss_info:0.0015, loss_ncl:0.0135, loss_adv:-0.7747, loss_diff:-0.2498, d_loss:0.4017, mu_distance:1.4114, lr:0.0000
2025-07-12 00:40:38 - INFO - Epoch 131 | loss_total:-1.0112, loss_info:0.0002, loss_ncl:0.0134, loss_adv:-0.7750, loss_diff:-0.2498, d_loss:0.4013, mu_distance:1.4114, lr:0.0000
2025-07-12 00:41:38 - INFO - Epoch 132 | loss_total:-1.0105, loss_info:0.0006, loss_ncl:0.0133, loss_adv:-0.7749, loss_diff:-0.2495, d_loss:0.4014, mu_distance:1.4113, lr:0.0000
2025-07-12 00:42:41 - INFO - Epoch 133 | loss_total:-1.0084, loss_info:0.0024, loss_ncl:0.0133, loss_adv:-0.7749, loss_diff:-0.2492, d_loss:0.4014, mu_distance:1.4109, lr:0.0000
2025-07-12 00:43:40 - INFO - Epoch 134 | loss_total:-1.0010, loss_info:0.0098, loss_ncl:0.0133, loss_adv:-0.7747, loss_diff:-0.2494, d_loss:0.4017, mu_distance:1.4105, lr:0.0000
2025-07-12 00:44:43 - INFO - Epoch 135 | loss_total:-1.0115, loss_info:0.0002, loss_ncl:0.0132, loss_adv:-0.7748, loss_diff:-0.2501, d_loss:0.4015, mu_distance:1.4107, lr:0.0000
2025-07-12 00:45:47 - INFO - Epoch 136 | loss_total:-0.8732, loss_info:0.1385, loss_ncl:0.0132, loss_adv:-0.7748, loss_diff:-0.2500, d_loss:0.4016, mu_distance:1.4118, lr:0.0000
2025-07-12 00:46:52 - INFO - Epoch 137 | loss_total:-1.0117, loss_info:0.0002, loss_ncl:0.0131, loss_adv:-0.7750, loss_diff:-0.2501, d_loss:0.4013, mu_distance:1.4126, lr:0.0000
2025-07-12 00:47:54 - INFO - Epoch 138 | loss_total:-1.0104, loss_info:0.0014, loss_ncl:0.0131, loss_adv:-0.7749, loss_diff:-0.2499, d_loss:0.4014, mu_distance:1.4122, lr:0.0000
2025-07-12 00:48:53 - INFO - Epoch 139 | loss_total:-1.0112, loss_info:0.0003, loss_ncl:0.0131, loss_adv:-0.7749, loss_diff:-0.2497, d_loss:0.4014, mu_distance:1.4113, lr:0.0000
2025-07-12 00:49:52 - INFO - Epoch 140 | loss_total:-1.0092, loss_info:0.0024, loss_ncl:0.0130, loss_adv:-0.7750, loss_diff:-0.2497, d_loss:0.4013, mu_distance:1.4121, lr:0.0000
2025-07-12 00:50:56 - INFO - Epoch 141 | loss_total:-1.0115, loss_info:0.0002, loss_ncl:0.0130, loss_adv:-0.7748, loss_diff:-0.2498, d_loss:0.4016, mu_distance:1.4116, lr:0.0000
2025-07-12 00:51:56 - INFO - Epoch 142 | loss_total:-1.0117, loss_info:0.0003, loss_ncl:0.0129, loss_adv:-0.7750, loss_diff:-0.2499, d_loss:0.4014, mu_distance:1.4117, lr:0.0000
2025-07-12 00:52:55 - INFO - Epoch 143 | loss_total:-1.0116, loss_info:0.0002, loss_ncl:0.0129, loss_adv:-0.7751, loss_diff:-0.2497, d_loss:0.4013, mu_distance:1.4123, lr:0.0000
2025-07-12 00:53:55 - INFO - Epoch 144 | loss_total:-1.0115, loss_info:0.0003, loss_ncl:0.0129, loss_adv:-0.7749, loss_diff:-0.2498, d_loss:0.4014, mu_distance:1.4116, lr:0.0000
2025-07-12 00:54:54 - INFO - Epoch 145 | loss_total:-1.0119, loss_info:0.0002, loss_ncl:0.0128, loss_adv:-0.7750, loss_diff:-0.2499, d_loss:0.4014, mu_distance:1.4120, lr:0.0000
2025-07-12 00:55:59 - INFO - Epoch 146 | loss_total:-1.0118, loss_info:0.0003, loss_ncl:0.0128, loss_adv:-0.7751, loss_diff:-0.2499, d_loss:0.4013, mu_distance:1.4120, lr:0.0000
2025-07-12 00:57:00 - INFO - Epoch 147 | loss_total:-1.0113, loss_info:0.0008, loss_ncl:0.0128, loss_adv:-0.7751, loss_diff:-0.2498, d_loss:0.4013, mu_distance:1.4128, lr:0.0000
2025-07-12 00:58:00 - INFO - Epoch 148 | loss_total:-1.0119, loss_info:0.0002, loss_ncl:0.0127, loss_adv:-0.7749, loss_diff:-0.2500, d_loss:0.4015, mu_distance:1.4121, lr:0.0000
2025-07-12 00:59:01 - INFO - Epoch 149 | loss_total:-1.0121, loss_info:0.0003, loss_ncl:0.0127, loss_adv:-0.7751, loss_diff:-0.2500, d_loss:0.4012, mu_distance:1.4122, lr:0.0000
2025-07-12 01:00:00 - INFO - Epoch 150 | loss_total:-0.8732, loss_info:0.1389, loss_ncl:0.0127, loss_adv:-0.7749, loss_diff:-0.2498, d_loss:0.4015, mu_distance:1.4097, lr:0.0000
2025-07-12 01:00:06 - INFO - Metrics saved → ./logs/feature_extraction_experiment_20250711_222533/metrics.json
2025-07-12 01:00:07 - INFO - Loss curves saved → ./logs/feature_extraction_experiment_20250711_222533/loss_curves.png
