2025-07-16 16:10:46 - INFO - Experiment dir: ./logs/feature_extraction_experiment_20250716_161046
2025-07-16 16:11:52 - INFO - Epoch 001 | loss_total:4.2500, loss_info:4.9626, loss_ncl:0.0369, loss_adv:-0.6559, loss_diff:-0.0935, d_loss:0.6633, mu_distance:0.3100, lr:0.0001
2025-07-16 16:12:51 - INFO - Epoch 002 | loss_total:1.8471, loss_info:2.8479, loss_ncl:0.0352, loss_adv:-0.7857, loss_diff:-0.2503, d_loss:0.5535, mu_distance:0.8135, lr:0.0001
2025-07-16 16:13:50 - INFO - Epoch 003 | loss_total:-0.6562, loss_info:0.5721, loss_ncl:0.0323, loss_adv:-0.9031, loss_diff:-0.3576, d_loss:0.4615, mu_distance:1.2219, lr:0.0001
2025-07-16 16:14:48 - INFO - Epoch 004 | loss_total:-1.2857, loss_info:0.0120, loss_ncl:0.0302, loss_adv:-0.9567, loss_diff:-0.3712, d_loss:0.4244, mu_distance:1.2964, lr:0.0001
2025-07-16 16:15:47 - INFO - Epoch 005 | loss_total:-1.3031, loss_info:0.0054, loss_ncl:0.0292, loss_adv:-0.9701, loss_diff:-0.3676, d_loss:0.4164, mu_distance:1.3379, lr:0.0001
2025-07-16 16:16:52 - INFO - Epoch 006 | loss_total:1.6335, loss_info:2.7901, loss_ncl:0.0300, loss_adv:-0.8365, loss_diff:-0.3501, d_loss:0.5260, mu_distance:0.5167, lr:0.0001
2025-07-16 16:17:52 - INFO - Epoch 007 | loss_total:1.1752, loss_info:2.3415, loss_ncl:0.0317, loss_adv:-0.8486, loss_diff:-0.3494, d_loss:0.5090, mu_distance:1.0127, lr:0.0001
2025-07-16 16:18:51 - INFO - Epoch 008 | loss_total:-0.9538, loss_info:0.3058, loss_ncl:0.0312, loss_adv:-0.9280, loss_diff:-0.3629, d_loss:0.4446, mu_distance:1.2531, lr:0.0001
2025-07-16 16:19:50 - INFO - Epoch 009 | loss_total:-1.2820, loss_info:0.0195, loss_ncl:0.0295, loss_adv:-0.9658, loss_diff:-0.3653, d_loss:0.4192, mu_distance:1.3282, lr:0.0001
2025-07-16 16:20:57 - INFO - Epoch 010 | loss_total:-1.3090, loss_info:0.0037, loss_ncl:0.0285, loss_adv:-0.9764, loss_diff:-0.3648, d_loss:0.4127, mu_distance:1.3515, lr:0.0001
2025-07-16 16:22:01 - INFO - Epoch 011 | loss_total:-1.3096, loss_info:0.0036, loss_ncl:0.0281, loss_adv:-0.9819, loss_diff:-0.3594, d_loss:0.4096, mu_distance:1.3689, lr:0.0001
2025-07-16 16:23:01 - INFO - Epoch 012 | loss_total:-1.3157, loss_info:0.0008, loss_ncl:0.0276, loss_adv:-0.9859, loss_diff:-0.3582, d_loss:0.4071, mu_distance:1.3803, lr:0.0001
2025-07-16 16:24:00 - INFO - Epoch 013 | loss_total:-1.3175, loss_info:0.0007, loss_ncl:0.0272, loss_adv:-0.9885, loss_diff:-0.3570, d_loss:0.4057, mu_distance:1.3870, lr:0.0001
2025-07-16 16:25:00 - INFO - Epoch 014 | loss_total:-1.3182, loss_info:0.0003, loss_ncl:0.0270, loss_adv:-0.9901, loss_diff:-0.3554, d_loss:0.4048, mu_distance:1.3925, lr:0.0001
2025-07-16 16:25:59 - INFO - Epoch 015 | loss_total:-1.3165, loss_info:0.0025, loss_ncl:0.0267, loss_adv:-0.9914, loss_diff:-0.3544, d_loss:0.4041, mu_distance:1.3960, lr:0.0001
2025-07-16 16:27:04 - INFO - Epoch 016 | loss_total:-1.3190, loss_info:0.0003, loss_ncl:0.0264, loss_adv:-0.9923, loss_diff:-0.3535, d_loss:0.4035, mu_distance:1.3990, lr:0.0001
2025-07-16 16:28:10 - INFO - Epoch 017 | loss_total:-1.3191, loss_info:0.0005, loss_ncl:0.0262, loss_adv:-0.9931, loss_diff:-0.3527, d_loss:0.4031, mu_distance:1.4014, lr:0.0001
2025-07-16 16:29:16 - INFO - Epoch 018 | loss_total:-1.3188, loss_info:0.0009, loss_ncl:0.0259, loss_adv:-0.9938, loss_diff:-0.3518, d_loss:0.4027, mu_distance:1.4037, lr:0.0001
2025-07-16 16:30:17 - INFO - Epoch 019 | loss_total:-1.3201, loss_info:0.0002, loss_ncl:0.0257, loss_adv:-0.9943, loss_diff:-0.3517, d_loss:0.4024, mu_distance:1.4050, lr:0.0001
2025-07-16 16:31:19 - INFO - Epoch 020 | loss_total:0.2303, loss_info:1.4626, loss_ncl:0.0268, loss_adv:-0.9333, loss_diff:-0.3258, d_loss:0.4522, mu_distance:0.4553, lr:0.0001
2025-07-16 16:32:31 - INFO - Epoch 021 | loss_total:4.1749, loss_info:5.0149, loss_ncl:0.0310, loss_adv:-0.6787, loss_diff:-0.1922, d_loss:0.6468, mu_distance:0.0675, lr:0.0001
2025-07-16 16:33:30 - INFO - Epoch 022 | loss_total:4.5105, loss_info:5.2093, loss_ncl:0.0333, loss_adv:-0.6568, loss_diff:-0.0753, d_loss:0.6651, mu_distance:0.1890, lr:0.0001
2025-07-16 16:34:36 - INFO - Epoch 023 | loss_total:3.5903, loss_info:4.4547, loss_ncl:0.0330, loss_adv:-0.7360, loss_diff:-0.1615, d_loss:0.5996, mu_distance:0.4848, lr:0.0001
2025-07-16 16:35:35 - INFO - Epoch 024 | loss_total:1.6507, loss_info:2.7543, loss_ncl:0.0323, loss_adv:-0.8636, loss_diff:-0.2722, d_loss:0.5005, mu_distance:1.0773, lr:0.0001
2025-07-16 16:36:40 - INFO - Epoch 025 | loss_total:-0.4372, loss_info:0.7820, loss_ncl:0.0311, loss_adv:-0.9331, loss_diff:-0.3173, d_loss:0.4447, mu_distance:1.2544, lr:0.0001
2025-07-16 16:37:51 - INFO - Epoch 026 | loss_total:-0.8503, loss_info:0.4132, loss_ncl:0.0300, loss_adv:-0.9592, loss_diff:-0.3343, d_loss:0.4259, mu_distance:1.2807, lr:0.0001
2025-07-16 16:38:57 - INFO - Epoch 027 | loss_total:-1.1666, loss_info:0.1131, loss_ncl:0.0300, loss_adv:-0.9771, loss_diff:-0.3326, d_loss:0.4138, mu_distance:1.3687, lr:0.0001
2025-07-16 16:40:03 - INFO - Epoch 028 | loss_total:-1.2966, loss_info:0.0063, loss_ncl:0.0289, loss_adv:-0.9878, loss_diff:-0.3440, d_loss:0.4065, mu_distance:1.3876, lr:0.0001
2025-07-16 16:41:08 - INFO - Epoch 029 | loss_total:-1.3067, loss_info:0.0024, loss_ncl:0.0282, loss_adv:-0.9905, loss_diff:-0.3468, d_loss:0.4047, mu_distance:1.3936, lr:0.0001
2025-07-16 16:42:08 - INFO - Epoch 030 | loss_total:-1.3118, loss_info:0.0017, loss_ncl:0.0277, loss_adv:-0.9920, loss_diff:-0.3493, d_loss:0.4038, mu_distance:1.3982, lr:0.0001
2025-07-16 16:43:13 - INFO - Epoch 031 | loss_total:-1.3144, loss_info:0.0007, loss_ncl:0.0274, loss_adv:-0.9930, loss_diff:-0.3495, d_loss:0.4033, mu_distance:1.4006, lr:0.0001
2025-07-16 16:44:13 - INFO - Epoch 032 | loss_total:-1.3155, loss_info:0.0011, loss_ncl:0.0270, loss_adv:-0.9937, loss_diff:-0.3500, d_loss:0.4028, mu_distance:1.4034, lr:0.0001
2025-07-16 16:45:16 - INFO - Epoch 033 | loss_total:-1.3172, loss_info:0.0006, loss_ncl:0.0267, loss_adv:-0.9943, loss_diff:-0.3504, d_loss:0.4025, mu_distance:1.4051, lr:0.0001
2025-07-16 16:46:16 - INFO - Epoch 034 | loss_total:-1.3184, loss_info:0.0006, loss_ncl:0.0264, loss_adv:-0.9947, loss_diff:-0.3506, d_loss:0.4022, mu_distance:1.4066, lr:0.0001
2025-07-16 16:47:15 - INFO - Epoch 035 | loss_total:-1.3192, loss_info:0.0003, loss_ncl:0.0260, loss_adv:-0.9950, loss_diff:-0.3505, d_loss:0.4021, mu_distance:1.4074, lr:0.0001
2025-07-16 16:48:20 - INFO - Epoch 036 | loss_total:-1.3200, loss_info:0.0002, loss_ncl:0.0256, loss_adv:-0.9953, loss_diff:-0.3505, d_loss:0.4019, mu_distance:1.4081, lr:0.0001
2025-07-16 16:49:20 - INFO - Epoch 037 | loss_total:-1.3206, loss_info:0.0002, loss_ncl:0.0251, loss_adv:-0.9955, loss_diff:-0.3504, d_loss:0.4017, mu_distance:1.4093, lr:0.0001
2025-07-16 16:50:23 - INFO - Epoch 038 | loss_total:-1.3135, loss_info:0.0038, loss_ncl:0.0248, loss_adv:-0.9945, loss_diff:-0.3475, d_loss:0.4025, mu_distance:1.3955, lr:0.0001
2025-07-16 16:51:25 - INFO - Epoch 039 | loss_total:-1.3158, loss_info:0.0038, loss_ncl:0.0242, loss_adv:-0.9950, loss_diff:-0.3487, d_loss:0.4021, mu_distance:1.4091, lr:0.0001
2025-07-16 16:52:26 - INFO - Epoch 040 | loss_total:-1.3215, loss_info:0.0006, loss_ncl:0.0234, loss_adv:-0.9958, loss_diff:-0.3497, d_loss:0.4016, mu_distance:1.4104, lr:0.0001
2025-07-16 16:53:31 - INFO - Epoch 041 | loss_total:-1.3235, loss_info:0.0002, loss_ncl:0.0227, loss_adv:-0.9960, loss_diff:-0.3503, d_loss:0.4015, mu_distance:1.4106, lr:0.0001
2025-07-16 16:54:31 - INFO - Epoch 042 | loss_total:-1.3231, loss_info:0.0004, loss_ncl:0.0221, loss_adv:-0.9959, loss_diff:-0.3498, d_loss:0.4017, mu_distance:1.4082, lr:0.0001
2025-07-16 16:55:34 - INFO - Epoch 043 | loss_total:-1.3248, loss_info:0.0002, loss_ncl:0.0216, loss_adv:-0.9963, loss_diff:-0.3504, d_loss:0.4013, mu_distance:1.4115, lr:0.0001
2025-07-16 16:56:34 - INFO - Epoch 044 | loss_total:-1.3245, loss_info:0.0004, loss_ncl:0.0213, loss_adv:-0.9963, loss_diff:-0.3500, d_loss:0.4013, mu_distance:1.4118, lr:0.0001
2025-07-16 16:57:34 - INFO - Epoch 045 | loss_total:-1.3259, loss_info:0.0002, loss_ncl:0.0208, loss_adv:-0.9965, loss_diff:-0.3504, d_loss:0.4012, mu_distance:1.4119, lr:0.0001
2025-07-16 16:58:45 - INFO - Epoch 046 | loss_total:-1.3265, loss_info:0.0002, loss_ncl:0.0203, loss_adv:-0.9965, loss_diff:-0.3504, d_loss:0.4012, mu_distance:1.4123, lr:0.0001
2025-07-16 16:59:45 - INFO - Epoch 047 | loss_total:-1.3270, loss_info:0.0002, loss_ncl:0.0198, loss_adv:-0.9966, loss_diff:-0.3504, d_loss:0.4012, mu_distance:1.4124, lr:0.0001
2025-07-16 17:00:45 - INFO - Epoch 048 | loss_total:-1.3275, loss_info:0.0002, loss_ncl:0.0193, loss_adv:-0.9966, loss_diff:-0.3504, d_loss:0.4011, mu_distance:1.4126, lr:0.0001
2025-07-16 17:01:48 - INFO - Epoch 049 | loss_total:-1.3281, loss_info:0.0002, loss_ncl:0.0188, loss_adv:-0.9967, loss_diff:-0.3504, d_loss:0.4011, mu_distance:1.4128, lr:0.0001
2025-07-16 17:02:48 - INFO - Epoch 050 | loss_total:-1.3284, loss_info:0.0002, loss_ncl:0.0185, loss_adv:-0.9967, loss_diff:-0.3503, d_loss:0.4011, mu_distance:1.4129, lr:0.0001
2025-07-16 17:03:53 - INFO - Epoch 051 | loss_total:-0.8071, loss_info:0.5093, loss_ncl:0.0189, loss_adv:-0.9881, loss_diff:-0.3472, d_loss:0.4100, mu_distance:1.2297, lr:0.0001
2025-07-16 17:04:52 - INFO - Epoch 052 | loss_total:4.9855, loss_info:5.8208, loss_ncl:0.0221, loss_adv:-0.6440, loss_diff:-0.2135, d_loss:0.6825, mu_distance:0.0356, lr:0.0001
2025-07-16 17:05:51 - INFO - Epoch 053 | loss_total:4.6908, loss_info:5.4961, loss_ncl:0.0235, loss_adv:-0.6290, loss_diff:-0.1999, d_loss:0.6889, mu_distance:0.0038, lr:0.0001
2025-07-16 17:06:50 - INFO - Epoch 054 | loss_total:4.8820, loss_info:5.5171, loss_ncl:0.0256, loss_adv:-0.6239, loss_diff:-0.0367, d_loss:0.6930, mu_distance:0.0029, lr:0.0001
2025-07-16 17:07:50 - INFO - Epoch 055 | loss_total:4.9145, loss_info:5.5150, loss_ncl:0.0252, loss_adv:-0.6244, loss_diff:-0.0013, d_loss:0.6925, mu_distance:0.0084, lr:0.0001
2025-07-16 17:08:55 - INFO - Epoch 056 | loss_total:4.7967, loss_info:5.4948, loss_ncl:0.0248, loss_adv:-0.6288, loss_diff:-0.0940, d_loss:0.6893, mu_distance:0.0061, lr:0.0001
2025-07-16 17:09:54 - INFO - Epoch 057 | loss_total:4.8911, loss_info:5.5122, loss_ncl:0.0251, loss_adv:-0.6248, loss_diff:-0.0214, d_loss:0.6921, mu_distance:0.0220, lr:0.0001
2025-07-16 17:10:54 - INFO - Epoch 058 | loss_total:4.7443, loss_info:5.4064, loss_ncl:0.0236, loss_adv:-0.6407, loss_diff:-0.0449, d_loss:0.6789, mu_distance:0.0588, lr:0.0001
2025-07-16 17:11:54 - INFO - Epoch 059 | loss_total:4.3784, loss_info:5.2004, loss_ncl:0.0257, loss_adv:-0.6714, loss_diff:-0.1763, d_loss:0.6572, mu_distance:0.3106, lr:0.0001
2025-07-16 17:12:53 - INFO - Epoch 060 | loss_total:4.4642, loss_info:5.3360, loss_ncl:0.0277, loss_adv:-0.6802, loss_diff:-0.2193, d_loss:0.6552, mu_distance:0.0284, lr:0.0001
2025-07-16 17:13:58 - INFO - Epoch 061 | loss_total:4.8614, loss_info:5.5177, loss_ncl:0.0319, loss_adv:-0.6236, loss_diff:-0.0646, d_loss:0.6934, mu_distance:0.0047, lr:0.0001
2025-07-16 17:14:58 - INFO - Epoch 062 | loss_total:4.9232, loss_info:5.5174, loss_ncl:0.0308, loss_adv:-0.6237, loss_diff:-0.0014, d_loss:0.6933, mu_distance:0.0027, lr:0.0001
2025-07-16 17:16:01 - INFO - Epoch 063 | loss_total:4.9189, loss_info:5.5172, loss_ncl:0.0277, loss_adv:-0.6239, loss_diff:-0.0020, d_loss:0.6930, mu_distance:0.0036, lr:0.0001
2025-07-16 17:17:00 - INFO - Epoch 064 | loss_total:4.9087, loss_info:5.5169, loss_ncl:0.0207, loss_adv:-0.6241, loss_diff:-0.0048, d_loss:0.6928, mu_distance:0.0032, lr:0.0001
2025-07-16 17:18:00 - INFO - Epoch 065 | loss_total:4.9095, loss_info:5.5166, loss_ncl:0.0185, loss_adv:-0.6244, loss_diff:-0.0012, d_loss:0.6925, mu_distance:0.0055, lr:0.0001
2025-07-16 17:19:07 - INFO - Epoch 066 | loss_total:4.9076, loss_info:5.5155, loss_ncl:0.0174, loss_adv:-0.6249, loss_diff:-0.0005, d_loss:0.6920, mu_distance:0.0088, lr:0.0001
2025-07-16 17:20:07 - INFO - Epoch 067 | loss_total:4.9016, loss_info:5.5119, loss_ncl:0.0169, loss_adv:-0.6262, loss_diff:-0.0011, d_loss:0.6907, mu_distance:0.0169, lr:0.0001
2025-07-16 17:21:06 - INFO - Epoch 068 | loss_total:4.8347, loss_info:5.4817, loss_ncl:0.0195, loss_adv:-0.6333, loss_diff:-0.0333, d_loss:0.6845, mu_distance:0.0550, lr:0.0001
2025-07-16 17:22:12 - INFO - Epoch 069 | loss_total:4.7906, loss_info:5.5073, loss_ncl:0.0282, loss_adv:-0.6276, loss_diff:-0.1173, d_loss:0.6906, mu_distance:0.0054, lr:0.0001
2025-07-16 17:23:16 - INFO - Epoch 070 | loss_total:4.9230, loss_info:5.5169, loss_ncl:0.0311, loss_adv:-0.6237, loss_diff:-0.0013, d_loss:0.6933, mu_distance:0.0040, lr:0.0001
2025-07-16 17:24:24 - INFO - Epoch 071 | loss_total:4.9216, loss_info:5.5169, loss_ncl:0.0295, loss_adv:-0.6238, loss_diff:-0.0010, d_loss:0.6931, mu_distance:0.0028, lr:0.0001
2025-07-16 17:25:33 - INFO - Epoch 072 | loss_total:4.9161, loss_info:5.5168, loss_ncl:0.0282, loss_adv:-0.6239, loss_diff:-0.0050, d_loss:0.6931, mu_distance:0.0006, lr:0.0001
2025-07-16 17:26:33 - INFO - Epoch 073 | loss_total:4.9058, loss_info:5.5168, loss_ncl:0.0283, loss_adv:-0.6239, loss_diff:-0.0154, d_loss:0.6931, mu_distance:0.0006, lr:0.0001
2025-07-16 17:27:35 - INFO - Epoch 074 | loss_total:4.9017, loss_info:5.5163, loss_ncl:0.0281, loss_adv:-0.6239, loss_diff:-0.0188, d_loss:0.6931, mu_distance:0.0010, lr:0.0001
2025-07-16 17:28:36 - INFO - Epoch 075 | loss_total:4.8841, loss_info:5.5160, loss_ncl:0.0279, loss_adv:-0.6239, loss_diff:-0.0360, d_loss:0.6931, mu_distance:0.0008, lr:0.0001
2025-07-16 17:29:49 - INFO - Epoch 076 | loss_total:4.8784, loss_info:5.5152, loss_ncl:0.0277, loss_adv:-0.6239, loss_diff:-0.0406, d_loss:0.6930, mu_distance:0.0015, lr:0.0001
2025-07-16 17:30:50 - INFO - Epoch 077 | loss_total:4.7978, loss_info:5.5122, loss_ncl:0.0262, loss_adv:-0.6243, loss_diff:-0.1162, d_loss:0.6927, mu_distance:0.0057, lr:0.0001
2025-07-16 17:31:56 - INFO - Epoch 078 | loss_total:4.6391, loss_info:5.5019, loss_ncl:0.0249, loss_adv:-0.6267, loss_diff:-0.2610, d_loss:0.6910, mu_distance:0.0225, lr:0.0001
2025-07-16 17:32:58 - INFO - Epoch 079 | loss_total:4.7011, loss_info:5.5127, loss_ncl:0.0248, loss_adv:-0.6257, loss_diff:-0.2107, d_loss:0.6918, mu_distance:0.0007, lr:0.0001
2025-07-16 17:33:59 - INFO - Epoch 080 | loss_total:4.7418, loss_info:5.5168, loss_ncl:0.0262, loss_adv:-0.6239, loss_diff:-0.1773, d_loss:0.6931, mu_distance:0.0005, lr:0.0001
2025-07-16 17:35:11 - INFO - Epoch 081 | loss_total:4.6566, loss_info:5.5165, loss_ncl:0.0267, loss_adv:-0.6240, loss_diff:-0.2626, d_loss:0.6930, mu_distance:0.0007, lr:0.0001
2025-07-16 17:36:13 - INFO - Epoch 082 | loss_total:4.6227, loss_info:5.5158, loss_ncl:0.0271, loss_adv:-0.6243, loss_diff:-0.2959, d_loss:0.6929, mu_distance:0.0024, lr:0.0001
2025-07-16 17:37:14 - INFO - Epoch 083 | loss_total:4.5710, loss_info:5.5076, loss_ncl:0.0269, loss_adv:-0.6269, loss_diff:-0.3365, d_loss:0.6912, mu_distance:0.0380, lr:0.0001
2025-07-16 17:38:17 - INFO - Epoch 084 | loss_total:4.6772, loss_info:5.5370, loss_ncl:0.0270, loss_adv:-0.6283, loss_diff:-0.2586, d_loss:0.6911, mu_distance:0.0002, lr:0.0001
2025-07-16 17:39:19 - INFO - Epoch 085 | loss_total:4.9147, loss_info:5.5174, loss_ncl:0.0281, loss_adv:-0.6238, loss_diff:-0.0070, d_loss:0.6931, mu_distance:0.0001, lr:0.0001
2025-07-16 17:40:29 - INFO - Epoch 086 | loss_total:4.9213, loss_info:5.5174, loss_ncl:0.0278, loss_adv:-0.6238, loss_diff:-0.0001, d_loss:0.6931, mu_distance:0.0002, lr:0.0001
2025-07-16 17:41:31 - INFO - Epoch 087 | loss_total:4.9211, loss_info:5.5174, loss_ncl:0.0277, loss_adv:-0.6238, loss_diff:-0.0002, d_loss:0.6931, mu_distance:0.0001, lr:0.0001
2025-07-16 17:42:35 - INFO - Epoch 088 | loss_total:4.9211, loss_info:5.5174, loss_ncl:0.0277, loss_adv:-0.6238, loss_diff:-0.0002, d_loss:0.6931, mu_distance:0.0001, lr:0.0001
2025-07-16 17:43:35 - INFO - Epoch 089 | loss_total:4.9211, loss_info:5.5174, loss_ncl:0.0278, loss_adv:-0.6238, loss_diff:-0.0003, d_loss:0.6931, mu_distance:0.0002, lr:0.0001
2025-07-16 17:44:38 - INFO - Epoch 090 | loss_total:4.9212, loss_info:5.5174, loss_ncl:0.0280, loss_adv:-0.6238, loss_diff:-0.0004, d_loss:0.6931, mu_distance:0.0002, lr:0.0001
2025-07-16 17:45:47 - INFO - Epoch 091 | loss_total:4.9213, loss_info:5.5174, loss_ncl:0.0281, loss_adv:-0.6238, loss_diff:-0.0004, d_loss:0.6931, mu_distance:0.0001, lr:0.0001
2025-07-16 17:46:49 - INFO - Epoch 092 | loss_total:4.9211, loss_info:5.5174, loss_ncl:0.0283, loss_adv:-0.6238, loss_diff:-0.0007, d_loss:0.6931, mu_distance:0.0001, lr:0.0001
2025-07-16 17:47:51 - INFO - Epoch 093 | loss_total:4.9211, loss_info:5.5174, loss_ncl:0.0283, loss_adv:-0.6238, loss_diff:-0.0007, d_loss:0.6931, mu_distance:0.0001, lr:0.0001
2025-07-16 17:48:54 - INFO - Epoch 094 | loss_total:4.9206, loss_info:5.5174, loss_ncl:0.0284, loss_adv:-0.6238, loss_diff:-0.0013, d_loss:0.6931, mu_distance:0.0001, lr:0.0001
2025-07-16 17:49:55 - INFO - Epoch 095 | loss_total:4.9208, loss_info:5.5174, loss_ncl:0.0284, loss_adv:-0.6238, loss_diff:-0.0011, d_loss:0.6931, mu_distance:0.0001, lr:0.0001
2025-07-16 17:51:07 - INFO - Epoch 096 | loss_total:4.9206, loss_info:5.5174, loss_ncl:0.0286, loss_adv:-0.6238, loss_diff:-0.0016, d_loss:0.6931, mu_distance:0.0002, lr:0.0001
2025-07-16 17:52:14 - INFO - Epoch 097 | loss_total:4.9213, loss_info:5.5174, loss_ncl:0.0287, loss_adv:-0.6238, loss_diff:-0.0010, d_loss:0.6931, mu_distance:0.0002, lr:0.0001
2025-07-16 17:53:21 - INFO - Epoch 098 | loss_total:4.9206, loss_info:5.5174, loss_ncl:0.0290, loss_adv:-0.6238, loss_diff:-0.0020, d_loss:0.6931, mu_distance:0.0002, lr:0.0001
2025-07-16 17:54:25 - INFO - Epoch 099 | loss_total:4.9209, loss_info:5.5174, loss_ncl:0.0291, loss_adv:-0.6238, loss_diff:-0.0017, d_loss:0.6931, mu_distance:0.0001, lr:0.0001
2025-07-16 17:55:29 - INFO - Epoch 100 | loss_total:4.9212, loss_info:5.5174, loss_ncl:0.0293, loss_adv:-0.6238, loss_diff:-0.0016, d_loss:0.6931, mu_distance:0.0001, lr:0.0001
2025-07-16 17:56:39 - INFO - Epoch 101 | loss_total:4.9212, loss_info:5.5174, loss_ncl:0.0293, loss_adv:-0.6238, loss_diff:-0.0016, d_loss:0.6931, mu_distance:0.0002, lr:0.0000
2025-07-16 17:57:39 - INFO - Epoch 102 | loss_total:4.9215, loss_info:5.5174, loss_ncl:0.0295, loss_adv:-0.6238, loss_diff:-0.0016, d_loss:0.6931, mu_distance:0.0002, lr:0.0000
2025-07-16 17:58:39 - INFO - Epoch 103 | loss_total:4.9223, loss_info:5.5173, loss_ncl:0.0291, loss_adv:-0.6239, loss_diff:-0.0002, d_loss:0.6931, mu_distance:0.0006, lr:0.0000
2025-07-16 17:59:40 - INFO - Epoch 104 | loss_total:4.9216, loss_info:5.5173, loss_ncl:0.0283, loss_adv:-0.6240, loss_diff:-0.0000, d_loss:0.6930, mu_distance:0.0013, lr:0.0000
2025-07-16 18:00:42 - INFO - Epoch 105 | loss_total:4.9195, loss_info:5.5171, loss_ncl:0.0267, loss_adv:-0.6243, loss_diff:-0.0000, d_loss:0.6926, mu_distance:0.0033, lr:0.0000
2025-07-16 18:01:48 - INFO - Epoch 106 | loss_total:4.8574, loss_info:5.4983, loss_ncl:0.0249, loss_adv:-0.6295, loss_diff:-0.0364, d_loss:0.6882, mu_distance:0.0566, lr:0.0000
2025-07-16 18:02:48 - INFO - Epoch 107 | loss_total:4.7889, loss_info:5.5020, loss_ncl:0.0245, loss_adv:-0.6413, loss_diff:-0.0963, d_loss:0.6812, mu_distance:0.0861, lr:0.0000
2025-07-16 18:03:47 - INFO - Epoch 108 | loss_total:4.4911, loss_info:5.2297, loss_ncl:0.0260, loss_adv:-0.6771, loss_diff:-0.0875, d_loss:0.6499, mu_distance:0.3464, lr:0.0000
2025-07-16 18:04:48 - INFO - Epoch 109 | loss_total:3.8936, loss_info:4.7816, loss_ncl:0.0269, loss_adv:-0.7274, loss_diff:-0.1874, d_loss:0.6144, mu_distance:0.5557, lr:0.0000
2025-07-16 18:05:49 - INFO - Epoch 110 | loss_total:3.3719, loss_info:4.4316, loss_ncl:0.0261, loss_adv:-0.7976, loss_diff:-0.2882, d_loss:0.5674, mu_distance:0.5426, lr:0.0000
2025-07-16 18:06:53 - INFO - Epoch 111 | loss_total:2.7008, loss_info:3.8241, loss_ncl:0.0270, loss_adv:-0.8497, loss_diff:-0.3006, d_loss:0.5241, mu_distance:0.9293, lr:0.0000
2025-07-16 18:07:52 - INFO - Epoch 112 | loss_total:2.2800, loss_info:3.4399, loss_ncl:0.0276, loss_adv:-0.8766, loss_diff:-0.3109, d_loss:0.5012, mu_distance:0.9599, lr:0.0000
2025-07-16 18:08:54 - INFO - Epoch 113 | loss_total:1.6788, loss_info:2.8902, loss_ncl:0.0276, loss_adv:-0.9083, loss_diff:-0.3307, d_loss:0.4759, mu_distance:1.1728, lr:0.0000
2025-07-16 18:09:54 - INFO - Epoch 114 | loss_total:0.8126, loss_info:2.0578, loss_ncl:0.0286, loss_adv:-0.9484, loss_diff:-0.3255, d_loss:0.4408, mu_distance:1.2359, lr:0.0000
2025-07-16 18:10:52 - INFO - Epoch 115 | loss_total:0.1808, loss_info:1.4403, loss_ncl:0.0287, loss_adv:-0.9631, loss_diff:-0.3252, d_loss:0.4281, mu_distance:1.2621, lr:0.0000
2025-07-16 18:11:59 - INFO - Epoch 116 | loss_total:0.0028, loss_info:1.2662, loss_ncl:0.0285, loss_adv:-0.9650, loss_diff:-0.3269, d_loss:0.4257, mu_distance:1.3058, lr:0.0000
2025-07-16 18:12:58 - INFO - Epoch 117 | loss_total:-0.6248, loss_info:0.6457, loss_ncl:0.0286, loss_adv:-0.9674, loss_diff:-0.3316, d_loss:0.4224, mu_distance:1.3294, lr:0.0000
2025-07-16 18:14:00 - INFO - Epoch 118 | loss_total:-0.8372, loss_info:0.4401, loss_ncl:0.0279, loss_adv:-0.9760, loss_diff:-0.3292, d_loss:0.4157, mu_distance:1.3480, lr:0.0000
2025-07-16 18:14:59 - INFO - Epoch 119 | loss_total:-0.9939, loss_info:0.2962, loss_ncl:0.0274, loss_adv:-0.9804, loss_diff:-0.3371, d_loss:0.4125, mu_distance:1.3637, lr:0.0000
2025-07-16 18:15:59 - INFO - Epoch 120 | loss_total:-1.1346, loss_info:0.1631, loss_ncl:0.0270, loss_adv:-0.9849, loss_diff:-0.3398, d_loss:0.4093, mu_distance:1.3818, lr:0.0000
2025-07-16 18:17:07 - INFO - Epoch 121 | loss_total:-0.8588, loss_info:0.4341, loss_ncl:0.0268, loss_adv:-0.9796, loss_diff:-0.3401, d_loss:0.4132, mu_distance:1.3492, lr:0.0000
2025-07-16 18:18:06 - INFO - Epoch 122 | loss_total:-1.0796, loss_info:0.2181, loss_ncl:0.0265, loss_adv:-0.9825, loss_diff:-0.3417, d_loss:0.4108, mu_distance:1.3583, lr:0.0000
2025-07-16 18:19:06 - INFO - Epoch 123 | loss_total:-1.0897, loss_info:0.2099, loss_ncl:0.0263, loss_adv:-0.9852, loss_diff:-0.3406, d_loss:0.4090, mu_distance:1.3810, lr:0.0000
2025-07-16 18:20:06 - INFO - Epoch 124 | loss_total:-1.0124, loss_info:0.2804, loss_ncl:0.0265, loss_adv:-0.9791, loss_diff:-0.3402, d_loss:0.4138, mu_distance:1.3663, lr:0.0000
2025-07-16 18:21:07 - INFO - Epoch 125 | loss_total:-1.0218, loss_info:0.2796, loss_ncl:0.0259, loss_adv:-0.9821, loss_diff:-0.3451, d_loss:0.4115, mu_distance:1.3735, lr:0.0000
2025-07-16 18:22:12 - INFO - Epoch 126 | loss_total:-1.1728, loss_info:0.1328, loss_ncl:0.0255, loss_adv:-0.9866, loss_diff:-0.3446, d_loss:0.4079, mu_distance:1.3747, lr:0.0000
2025-07-16 18:23:12 - INFO - Epoch 127 | loss_total:-1.2190, loss_info:0.0830, loss_ncl:0.0254, loss_adv:-0.9888, loss_diff:-0.3386, d_loss:0.4063, mu_distance:1.3878, lr:0.0000
2025-07-16 18:24:12 - INFO - Epoch 128 | loss_total:-1.0404, loss_info:0.2588, loss_ncl:0.0252, loss_adv:-0.9835, loss_diff:-0.3408, d_loss:0.4103, mu_distance:1.3658, lr:0.0000
2025-07-16 18:25:11 - INFO - Epoch 129 | loss_total:-1.2701, loss_info:0.0377, loss_ncl:0.0249, loss_adv:-0.9872, loss_diff:-0.3454, d_loss:0.4073, mu_distance:1.3862, lr:0.0000
2025-07-16 18:26:12 - INFO - Epoch 130 | loss_total:-1.1689, loss_info:0.1423, loss_ncl:0.0246, loss_adv:-0.9898, loss_diff:-0.3460, d_loss:0.4056, mu_distance:1.3891, lr:0.0000
2025-07-16 18:27:22 - INFO - Epoch 131 | loss_total:-1.1229, loss_info:0.1791, loss_ncl:0.0246, loss_adv:-0.9866, loss_diff:-0.3400, d_loss:0.4080, mu_distance:1.3571, lr:0.0000
2025-07-16 18:28:35 - INFO - Epoch 132 | loss_total:-1.1600, loss_info:0.1468, loss_ncl:0.0244, loss_adv:-0.9880, loss_diff:-0.3432, d_loss:0.4070, mu_distance:1.3901, lr:0.0000
2025-07-16 18:29:42 - INFO - Epoch 133 | loss_total:-1.2756, loss_info:0.0340, loss_ncl:0.0241, loss_adv:-0.9905, loss_diff:-0.3433, d_loss:0.4051, mu_distance:1.3948, lr:0.0000
2025-07-16 18:30:51 - INFO - Epoch 134 | loss_total:-1.2478, loss_info:0.0632, loss_ncl:0.0237, loss_adv:-0.9900, loss_diff:-0.3447, d_loss:0.4056, mu_distance:1.3870, lr:0.0000
2025-07-16 18:31:53 - INFO - Epoch 135 | loss_total:-1.2820, loss_info:0.0285, loss_ncl:0.0236, loss_adv:-0.9918, loss_diff:-0.3423, d_loss:0.4042, mu_distance:1.3987, lr:0.0000
2025-07-16 18:33:07 - INFO - Epoch 136 | loss_total:-1.1779, loss_info:0.1320, loss_ncl:0.0233, loss_adv:-0.9911, loss_diff:-0.3421, d_loss:0.4049, mu_distance:1.3947, lr:0.0000
2025-07-16 18:34:19 - INFO - Epoch 137 | loss_total:-1.3085, loss_info:0.0074, loss_ncl:0.0228, loss_adv:-0.9925, loss_diff:-0.3462, d_loss:0.4038, mu_distance:1.4003, lr:0.0000
2025-07-16 18:35:28 - INFO - Epoch 138 | loss_total:-1.3130, loss_info:0.0056, loss_ncl:0.0224, loss_adv:-0.9931, loss_diff:-0.3479, d_loss:0.4034, mu_distance:1.4023, lr:0.0000
2025-07-16 18:36:35 - INFO - Epoch 139 | loss_total:-1.2854, loss_info:0.0287, loss_ncl:0.0222, loss_adv:-0.9922, loss_diff:-0.3440, d_loss:0.4041, mu_distance:1.3692, lr:0.0000
2025-07-16 18:37:44 - INFO - Epoch 140 | loss_total:-1.1748, loss_info:0.1358, loss_ncl:0.0221, loss_adv:-0.9899, loss_diff:-0.3427, d_loss:0.4056, mu_distance:1.3890, lr:0.0000
2025-07-16 18:39:01 - INFO - Epoch 141 | loss_total:-1.2925, loss_info:0.0235, loss_ncl:0.0217, loss_adv:-0.9921, loss_diff:-0.3456, d_loss:0.4040, mu_distance:1.4015, lr:0.0000
2025-07-16 18:40:08 - INFO - Epoch 142 | loss_total:-1.3126, loss_info:0.0082, loss_ncl:0.0211, loss_adv:-0.9938, loss_diff:-0.3481, d_loss:0.4029, mu_distance:1.4030, lr:0.0000
2025-07-16 18:41:15 - INFO - Epoch 143 | loss_total:-1.3122, loss_info:0.0095, loss_ncl:0.0207, loss_adv:-0.9944, loss_diff:-0.3480, d_loss:0.4025, mu_distance:1.4055, lr:0.0000
2025-07-16 18:42:25 - INFO - Epoch 144 | loss_total:-1.3194, loss_info:0.0036, loss_ncl:0.0202, loss_adv:-0.9947, loss_diff:-0.3485, d_loss:0.4023, mu_distance:1.4055, lr:0.0000
2025-07-16 18:43:33 - INFO - Epoch 145 | loss_total:-1.3208, loss_info:0.0026, loss_ncl:0.0198, loss_adv:-0.9948, loss_diff:-0.3484, d_loss:0.4023, mu_distance:1.4083, lr:0.0000
2025-07-16 18:44:48 - INFO - Epoch 146 | loss_total:-1.3226, loss_info:0.0028, loss_ncl:0.0192, loss_adv:-0.9951, loss_diff:-0.3496, d_loss:0.4021, mu_distance:1.4085, lr:0.0000
2025-07-16 18:45:58 - INFO - Epoch 147 | loss_total:-1.3230, loss_info:0.0020, loss_ncl:0.0188, loss_adv:-0.9950, loss_diff:-0.3488, d_loss:0.4022, mu_distance:1.4069, lr:0.0000
2025-07-16 18:47:10 - INFO - Epoch 148 | loss_total:-1.3245, loss_info:0.0012, loss_ncl:0.0183, loss_adv:-0.9953, loss_diff:-0.3488, d_loss:0.4020, mu_distance:1.4088, lr:0.0000
2025-07-16 18:48:16 - INFO - Epoch 149 | loss_total:-1.3266, loss_info:0.0004, loss_ncl:0.0178, loss_adv:-0.9954, loss_diff:-0.3493, d_loss:0.4019, mu_distance:1.4078, lr:0.0000
2025-07-16 18:49:24 - INFO - Epoch 150 | loss_total:-1.3276, loss_info:0.0008, loss_ncl:0.0172, loss_adv:-0.9955, loss_diff:-0.3501, d_loss:0.4019, mu_distance:1.4084, lr:0.0000
2025-07-16 18:50:42 - INFO - Epoch 151 | loss_total:-1.3271, loss_info:0.0011, loss_ncl:0.0167, loss_adv:-0.9956, loss_diff:-0.3492, d_loss:0.4017, mu_distance:1.4096, lr:0.0000
2025-07-16 18:51:50 - INFO - Epoch 152 | loss_total:-1.3267, loss_info:0.0020, loss_ncl:0.0162, loss_adv:-0.9956, loss_diff:-0.3493, d_loss:0.4018, mu_distance:1.4089, lr:0.0000
2025-07-16 18:52:58 - INFO - Epoch 153 | loss_total:-1.3259, loss_info:0.0023, loss_ncl:0.0158, loss_adv:-0.9956, loss_diff:-0.3483, d_loss:0.4017, mu_distance:1.4087, lr:0.0000
2025-07-16 18:54:05 - INFO - Epoch 154 | loss_total:-1.3289, loss_info:0.0010, loss_ncl:0.0152, loss_adv:-0.9958, loss_diff:-0.3493, d_loss:0.4017, mu_distance:1.4108, lr:0.0000
2025-07-16 18:55:17 - INFO - Epoch 155 | loss_total:-1.3283, loss_info:0.0016, loss_ncl:0.0148, loss_adv:-0.9957, loss_diff:-0.3490, d_loss:0.4017, mu_distance:1.4105, lr:0.0000
2025-07-16 18:56:29 - INFO - Epoch 156 | loss_total:-1.3214, loss_info:0.0083, loss_ncl:0.0146, loss_adv:-0.9956, loss_diff:-0.3487, d_loss:0.4018, mu_distance:1.4084, lr:0.0000
2025-07-16 18:57:38 - INFO - Epoch 157 | loss_total:-1.3283, loss_info:0.0019, loss_ncl:0.0143, loss_adv:-0.9957, loss_diff:-0.3488, d_loss:0.4018, mu_distance:1.4101, lr:0.0000
2025-07-16 18:58:46 - INFO - Epoch 158 | loss_total:-1.3278, loss_info:0.0019, loss_ncl:0.0142, loss_adv:-0.9956, loss_diff:-0.3482, d_loss:0.4018, mu_distance:1.4095, lr:0.0000
2025-07-16 18:59:57 - INFO - Epoch 159 | loss_total:-1.2316, loss_info:0.0983, loss_ncl:0.0140, loss_adv:-0.9950, loss_diff:-0.3489, d_loss:0.4023, mu_distance:1.4020, lr:0.0000
2025-07-16 19:00:57 - INFO - Epoch 160 | loss_total:-1.3159, loss_info:0.0131, loss_ncl:0.0142, loss_adv:-0.9951, loss_diff:-0.3482, d_loss:0.4021, mu_distance:1.4073, lr:0.0000
2025-07-16 19:02:14 - INFO - Epoch 161 | loss_total:-1.2864, loss_info:0.0429, loss_ncl:0.0138, loss_adv:-0.9937, loss_diff:-0.3494, d_loss:0.4032, mu_distance:1.4015, lr:0.0000
2025-07-16 19:03:20 - INFO - Epoch 162 | loss_total:-1.3120, loss_info:0.0123, loss_ncl:0.0143, loss_adv:-0.9938, loss_diff:-0.3449, d_loss:0.4030, mu_distance:1.3995, lr:0.0000
2025-07-16 19:04:26 - INFO - Epoch 163 | loss_total:-1.3202, loss_info:0.0056, loss_ncl:0.0140, loss_adv:-0.9945, loss_diff:-0.3452, d_loss:0.4025, mu_distance:1.4060, lr:0.0000
2025-07-16 19:05:32 - INFO - Epoch 164 | loss_total:-1.3253, loss_info:0.0049, loss_ncl:0.0135, loss_adv:-0.9952, loss_diff:-0.3485, d_loss:0.4020, mu_distance:1.4080, lr:0.0000
2025-07-16 19:06:38 - INFO - Epoch 165 | loss_total:-1.3291, loss_info:0.0013, loss_ncl:0.0134, loss_adv:-0.9955, loss_diff:-0.3484, d_loss:0.4019, mu_distance:1.4078, lr:0.0000
2025-07-16 19:07:51 - INFO - Epoch 166 | loss_total:-1.3306, loss_info:0.0011, loss_ncl:0.0131, loss_adv:-0.9956, loss_diff:-0.3493, d_loss:0.4018, mu_distance:1.4095, lr:0.0000
2025-07-16 19:08:57 - INFO - Epoch 167 | loss_total:-1.3316, loss_info:0.0006, loss_ncl:0.0130, loss_adv:-0.9958, loss_diff:-0.3495, d_loss:0.4017, mu_distance:1.4094, lr:0.0000
2025-07-16 19:10:04 - INFO - Epoch 168 | loss_total:-1.3315, loss_info:0.0009, loss_ncl:0.0129, loss_adv:-0.9958, loss_diff:-0.3494, d_loss:0.4017, mu_distance:1.4099, lr:0.0000
2025-07-16 19:11:10 - INFO - Epoch 169 | loss_total:-1.3319, loss_info:0.0008, loss_ncl:0.0128, loss_adv:-0.9958, loss_diff:-0.3498, d_loss:0.4017, mu_distance:1.4097, lr:0.0000
2025-07-16 19:12:16 - INFO - Epoch 170 | loss_total:-1.3322, loss_info:0.0008, loss_ncl:0.0127, loss_adv:-0.9959, loss_diff:-0.3499, d_loss:0.4016, mu_distance:1.4103, lr:0.0000
2025-07-16 19:13:27 - INFO - Epoch 171 | loss_total:-1.3294, loss_info:0.0030, loss_ncl:0.0127, loss_adv:-0.9959, loss_diff:-0.3492, d_loss:0.4016, mu_distance:1.4076, lr:0.0000
2025-07-16 19:14:33 - INFO - Epoch 172 | loss_total:-1.3308, loss_info:0.0012, loss_ncl:0.0126, loss_adv:-0.9960, loss_diff:-0.3487, d_loss:0.4015, mu_distance:1.4106, lr:0.0000
2025-07-16 19:15:39 - INFO - Epoch 173 | loss_total:-1.3332, loss_info:0.0003, loss_ncl:0.0124, loss_adv:-0.9962, loss_diff:-0.3497, d_loss:0.4014, mu_distance:1.4100, lr:0.0000
2025-07-16 19:16:45 - INFO - Epoch 174 | loss_total:-1.3325, loss_info:0.0009, loss_ncl:0.0123, loss_adv:-0.9962, loss_diff:-0.3496, d_loss:0.4014, mu_distance:1.4106, lr:0.0000
2025-07-16 19:17:44 - INFO - Epoch 175 | loss_total:-1.3316, loss_info:0.0013, loss_ncl:0.0123, loss_adv:-0.9961, loss_diff:-0.3490, d_loss:0.4014, mu_distance:1.4111, lr:0.0000
2025-07-16 19:18:55 - INFO - Epoch 176 | loss_total:-1.3332, loss_info:0.0003, loss_ncl:0.0121, loss_adv:-0.9961, loss_diff:-0.3495, d_loss:0.4014, mu_distance:1.4109, lr:0.0000
2025-07-16 19:20:02 - INFO - Epoch 177 | loss_total:-1.3323, loss_info:0.0022, loss_ncl:0.0119, loss_adv:-0.9962, loss_diff:-0.3501, d_loss:0.4014, mu_distance:1.4108, lr:0.0000
2025-07-16 19:21:08 - INFO - Epoch 178 | loss_total:-1.3325, loss_info:0.0005, loss_ncl:0.0119, loss_adv:-0.9961, loss_diff:-0.3488, d_loss:0.4015, mu_distance:1.4115, lr:0.0000
2025-07-16 19:22:14 - INFO - Epoch 179 | loss_total:-1.3308, loss_info:0.0029, loss_ncl:0.0117, loss_adv:-0.9961, loss_diff:-0.3492, d_loss:0.4015, mu_distance:1.4106, lr:0.0000
2025-07-16 19:23:19 - INFO - Epoch 180 | loss_total:-1.3325, loss_info:0.0003, loss_ncl:0.0116, loss_adv:-0.9960, loss_diff:-0.3484, d_loss:0.4015, mu_distance:1.4113, lr:0.0000
2025-07-16 19:24:31 - INFO - Epoch 181 | loss_total:-1.3327, loss_info:0.0016, loss_ncl:0.0114, loss_adv:-0.9962, loss_diff:-0.3495, d_loss:0.4014, mu_distance:1.4114, lr:0.0000
2025-07-16 19:25:37 - INFO - Epoch 182 | loss_total:-1.3330, loss_info:0.0010, loss_ncl:0.0113, loss_adv:-0.9962, loss_diff:-0.3491, d_loss:0.4015, mu_distance:1.4117, lr:0.0000
2025-07-16 19:26:43 - INFO - Epoch 183 | loss_total:-1.3351, loss_info:0.0002, loss_ncl:0.0111, loss_adv:-0.9964, loss_diff:-0.3499, d_loss:0.4012, mu_distance:1.4116, lr:0.0000
2025-07-16 19:27:49 - INFO - Epoch 184 | loss_total:-1.3345, loss_info:0.0007, loss_ncl:0.0110, loss_adv:-0.9963, loss_diff:-0.3499, d_loss:0.4013, mu_distance:1.4111, lr:0.0000
2025-07-16 19:28:55 - INFO - Epoch 185 | loss_total:-1.3349, loss_info:0.0003, loss_ncl:0.0109, loss_adv:-0.9964, loss_diff:-0.3497, d_loss:0.4013, mu_distance:1.4120, lr:0.0000
2025-07-16 19:30:06 - INFO - Epoch 186 | loss_total:-1.3343, loss_info:0.0011, loss_ncl:0.0108, loss_adv:-0.9964, loss_diff:-0.3498, d_loss:0.4013, mu_distance:1.4119, lr:0.0000
2025-07-16 19:31:12 - INFO - Epoch 187 | loss_total:-1.3356, loss_info:0.0002, loss_ncl:0.0107, loss_adv:-0.9965, loss_diff:-0.3499, d_loss:0.4012, mu_distance:1.4123, lr:0.0000
2025-07-16 19:32:18 - INFO - Epoch 188 | loss_total:-1.3353, loss_info:0.0006, loss_ncl:0.0105, loss_adv:-0.9964, loss_diff:-0.3500, d_loss:0.4014, mu_distance:1.4120, lr:0.0000
2025-07-16 19:33:16 - INFO - Epoch 189 | loss_total:-1.3358, loss_info:0.0003, loss_ncl:0.0104, loss_adv:-0.9965, loss_diff:-0.3500, d_loss:0.4012, mu_distance:1.4123, lr:0.0000
2025-07-16 19:34:18 - INFO - Epoch 190 | loss_total:-1.3346, loss_info:0.0009, loss_ncl:0.0104, loss_adv:-0.9965, loss_diff:-0.3495, d_loss:0.4012, mu_distance:1.4123, lr:0.0000
2025-07-16 19:35:22 - INFO - Epoch 191 | loss_total:-1.3357, loss_info:0.0002, loss_ncl:0.0103, loss_adv:-0.9965, loss_diff:-0.3497, d_loss:0.4012, mu_distance:1.4121, lr:0.0000
2025-07-16 19:36:21 - INFO - Epoch 192 | loss_total:-1.3357, loss_info:0.0006, loss_ncl:0.0102, loss_adv:-0.9965, loss_diff:-0.3499, d_loss:0.4012, mu_distance:1.4121, lr:0.0000
2025-07-16 19:37:20 - INFO - Epoch 193 | loss_total:-1.3353, loss_info:0.0008, loss_ncl:0.0101, loss_adv:-0.9964, loss_diff:-0.3498, d_loss:0.4013, mu_distance:1.4101, lr:0.0000
2025-07-16 19:38:19 - INFO - Epoch 194 | loss_total:-1.3364, loss_info:0.0002, loss_ncl:0.0100, loss_adv:-0.9966, loss_diff:-0.3500, d_loss:0.4012, mu_distance:1.4121, lr:0.0000
2025-07-16 19:39:18 - INFO - Epoch 195 | loss_total:-1.3360, loss_info:0.0002, loss_ncl:0.0099, loss_adv:-0.9964, loss_diff:-0.3497, d_loss:0.4013, mu_distance:1.4113, lr:0.0000
2025-07-16 19:40:23 - INFO - Epoch 196 | loss_total:-1.3359, loss_info:0.0005, loss_ncl:0.0098, loss_adv:-0.9965, loss_diff:-0.3497, d_loss:0.4012, mu_distance:1.4118, lr:0.0000
2025-07-16 19:41:22 - INFO - Epoch 197 | loss_total:-1.3365, loss_info:0.0005, loss_ncl:0.0096, loss_adv:-0.9966, loss_diff:-0.3501, d_loss:0.4012, mu_distance:1.4125, lr:0.0000
2025-07-16 19:42:22 - INFO - Epoch 198 | loss_total:-1.3368, loss_info:0.0003, loss_ncl:0.0096, loss_adv:-0.9966, loss_diff:-0.3500, d_loss:0.4011, mu_distance:1.4129, lr:0.0000
2025-07-16 19:43:22 - INFO - Epoch 199 | loss_total:-1.3364, loss_info:0.0005, loss_ncl:0.0095, loss_adv:-0.9966, loss_diff:-0.3498, d_loss:0.4011, mu_distance:1.4126, lr:0.0000
2025-07-16 19:44:23 - INFO - Epoch 200 | loss_total:-1.3369, loss_info:0.0002, loss_ncl:0.0093, loss_adv:-0.9965, loss_diff:-0.3499, d_loss:0.4012, mu_distance:1.4122, lr:0.0000
2025-07-16 19:44:28 - INFO - Metrics saved → ./logs/feature_extraction_experiment_20250716_161046/metrics.json
2025-07-16 19:44:29 - INFO - Loss curves saved → ./logs/feature_extraction_experiment_20250716_161046/loss_curves.png
